Using pre-set license
Built from '2022.3/release' branch; Version is '2022.3.0f1 (fb119bb0b476) revision 16454043'; Using compiler version '192829333'; Build Type 'Release'
OS: 'Windows 11  (10.0.22621) 64bit Enterprise' Language: 'en' Physical Memory: 65234 MB
BatchMode: 1, IsHumanControllingUs: 0, StartBugReporterOnCrash: 0, Is64bit: 1, IsPro: 1

COMMAND LINE ARGUMENTS:
F:\2022.3.0f1\Editor\Unity.exe
-adb2
-batchMode
-noUpm
-name
AssetImportWorker14
-projectPath
E:/CSE485/GitHub Project/MyndVR_Capstone/MyndVRCapstone
-logFile
Logs/AssetImportWorker14.log
-srvPort
52091
Successfully changed project path to: E:/CSE485/GitHub Project/MyndVR_Capstone/MyndVRCapstone
E:/CSE485/GitHub Project/MyndVR_Capstone/MyndVRCapstone
[UnityMemory] Configuration Parameters - Can be set up in boot.config
    "memorysetup-bucket-allocator-granularity=16"
    "memorysetup-bucket-allocator-bucket-count=8"
    "memorysetup-bucket-allocator-block-size=33554432"
    "memorysetup-bucket-allocator-block-count=8"
    "memorysetup-main-allocator-block-size=16777216"
    "memorysetup-thread-allocator-block-size=16777216"
    "memorysetup-gfx-main-allocator-block-size=16777216"
    "memorysetup-gfx-thread-allocator-block-size=16777216"
    "memorysetup-cache-allocator-block-size=4194304"
    "memorysetup-typetree-allocator-block-size=2097152"
    "memorysetup-profiler-bucket-allocator-granularity=16"
    "memorysetup-profiler-bucket-allocator-bucket-count=8"
    "memorysetup-profiler-bucket-allocator-block-size=33554432"
    "memorysetup-profiler-bucket-allocator-block-count=8"
    "memorysetup-profiler-allocator-block-size=16777216"
    "memorysetup-profiler-editor-allocator-block-size=1048576"
    "memorysetup-temp-allocator-size-main=16777216"
    "memorysetup-job-temp-allocator-block-size=2097152"
    "memorysetup-job-temp-allocator-block-size-background=1048576"
    "memorysetup-job-temp-allocator-reduction-small-platforms=262144"
    "memorysetup-allocator-temp-initial-block-size-main=262144"
    "memorysetup-allocator-temp-initial-block-size-worker=262144"
    "memorysetup-temp-allocator-size-background-worker=32768"
    "memorysetup-temp-allocator-size-job-worker=262144"
    "memorysetup-temp-allocator-size-preload-manager=33554432"
    "memorysetup-temp-allocator-size-nav-mesh-worker=65536"
    "memorysetup-temp-allocator-size-audio-worker=65536"
    "memorysetup-temp-allocator-size-cloud-worker=32768"
    "memorysetup-temp-allocator-size-gi-baking-worker=262144"
    "memorysetup-temp-allocator-size-gfx=262144"
Unable to join player connection multicast group (err: 10013).
Player connection [8132] Host "[IP] 10.218.108.230 [Port] 0 [Flags] 2 [Guid] 2800105322 [EditorId] 2800105322 [Version] 1048832 [Id] WindowsEditor(7,EN6169321W) [Debug] 1 [PackageName] WindowsEditor [ProjectName] Editor" joined alternative multi-casting on [225.0.0.222:34997]...

Refreshing native plugins compatible for Editor in 43.74 ms, found 35 plugins.
Preloading 0 native plugins for Editor in 0.00 ms.
Initialize engine version: 2022.3.0f1 (fb119bb0b476)
[Subsystems] Discovering subsystems at path F:/2022.3.0f1/Editor/Data/Resources/UnitySubsystems
[Subsystems] Discovering subsystems at path E:/CSE485/GitHub Project/MyndVR_Capstone/MyndVRCapstone/Assets
GfxDevice: creating device client; threaded=0; jobified=0
Direct3D:
    Version:  Direct3D 11.0 [level 11.1]
    Renderer: NVIDIA Quadro RTX 5000 (ID=0x1eb0)
    Vendor:   NVIDIA
    VRAM:     16170 MB
    Driver:   27.21.14.5148
Initialize mono
Mono path[0] = 'F:/2022.3.0f1/Editor/Data/Managed'
Mono path[1] = 'F:/2022.3.0f1/Editor/Data/MonoBleedingEdge/lib/mono/unityjit-win32'
Mono config path = 'F:/2022.3.0f1/Editor/Data/MonoBleedingEdge/etc'
Using monoOptions --debugger-agent=transport=dt_socket,embedding=1,server=y,suspend=n,address=127.0.0.1:56312
Begin MonoManager ReloadAssembly
Registering precompiled unity dll's ...
Register platform support module: F:/2022.3.0f1/Editor/Data/PlaybackEngines/AndroidPlayer/UnityEditor.Android.Extensions.dll
Register platform support module: F:/2022.3.0f1/Editor/Data/PlaybackEngines/WindowsStandaloneSupport/UnityEditor.WindowsStandalone.Extensions.dll
Registered in 0.005300 seconds.
- Loaded All Assemblies, in  0.354 seconds
Native extension for WindowsStandalone target not found
Native extension for Android target not found
Android Extension - Scanning For ADB Devices 924 ms
Mono: successfully reloaded assembly
- Finished resetting the current domain, in  1.261 seconds
Domain Reload Profiling: 1615ms
	BeginReloadAssembly (97ms)
		ExecutionOrderSort (0ms)
		DisableScriptedObjects (0ms)
		BackupInstance (0ms)
		ReleaseScriptingObjects (0ms)
		CreateAndSetChildDomain (1ms)
	RebuildCommonClasses (36ms)
	RebuildNativeTypeToScriptingClass (11ms)
	initialDomainReloadingComplete (54ms)
	LoadAllAssembliesAndSetupDomain (156ms)
		LoadAssemblies (97ms)
		RebuildTransferFunctionScriptingTraits (0ms)
		AnalyzeDomain (152ms)
			TypeCache.Refresh (151ms)
				TypeCache.ScanAssembly (134ms)
			ScanForSourceGeneratedMonoScriptInfo (0ms)
			ResolveRequiredComponents (1ms)
	FinalizeReload (1262ms)
		ReleaseScriptCaches (0ms)
		RebuildScriptCaches (0ms)
		SetupLoadedEditorAssemblies (1201ms)
			LogAssemblyErrors (0ms)
			InitializePlatformSupportModulesInManaged (1037ms)
			SetLoadedEditorAssemblies (4ms)
			RefreshPlugins (0ms)
			BeforeProcessingInitializeOnLoad (2ms)
			ProcessInitializeOnLoadAttributes (103ms)
			ProcessInitializeOnLoadMethodAttributes (54ms)
			AfterProcessingInitializeOnLoad (0ms)
			EditorAssembliesLoaded (0ms)
		ExecutionOrderSort2 (0ms)
		AwakeInstancesAfterBackupRestoration (0ms)
========================================================================
Worker process is ready to serve import requests
Begin MonoManager ReloadAssembly
Symbol file LoadedFromMemory doesn't match image E:\CSE485\GitHub Project\MyndVR_Capstone\MyndVRCapstone\Library\PackageCache\com.unity.visualscripting@1.8.0\Editor\VisualScripting.Core\Dependencies\YamlDotNet\Unity.VisualScripting.YamlDotNet.dll
Symbol file LoadedFromMemory doesn't match image E:\CSE485\GitHub Project\MyndVR_Capstone\MyndVRCapstone\Library\PackageCache\com.unity.visualscripting@1.8.0\Editor\VisualScripting.Core\Dependencies\DotNetZip\Unity.VisualScripting.IonicZip.dll
- Loaded All Assemblies, in  0.920 seconds
Refreshing native plugins compatible for Editor in 22.55 ms, found 35 plugins.
Native extension for WindowsStandalone target not found
Native extension for Android target not found
Package Manager log level set to [2]
[Package Manager] Server::EnsureServerProcessIsRunning -- launch failed, reason: Unity was launched with the -noUpm command-line argument
[Package Manager] UpmClient::Send -- Unable to send message (not connected to UPM process).
[Package Manager] Cannot connect to Unity Package Manager local server
Wave.XR.ViveWaveEyeGaze ctor()
UnityEngine.StackTraceUtility:ExtractStackTrace ()
UnityEngine.DebugLogHandler:LogFormat (UnityEngine.LogType,UnityEngine.Object,string,object[])
UnityEngine.Logger:Log (UnityEngine.LogType,object)
UnityEngine.Debug:Log (object)
Wave.XR.ViveWaveEyeGaze:DEBUG (string) (at ./Library/PackageCache/com.htc.upm.wave.xrsdk@5.3.1-r.2/Runtime/ViveWaveEyeGaze.cs:55)
Wave.XR.ViveWaveEyeGaze:.cctor () (at ./Library/PackageCache/com.htc.upm.wave.xrsdk@5.3.1-r.2/Runtime/ViveWaveEyeGaze.cs:65)
System.Runtime.CompilerServices.RuntimeHelpers:RunClassConstructor (System.RuntimeTypeHandle)
UnityEditor.EditorAssemblies:ProcessInitializeOnLoadAttributes (System.Type[])

(Filename: ./Library/PackageCache/com.htc.upm.wave.xrsdk@5.3.1-r.2/Runtime/ViveWaveEyeGaze.cs Line: 55)

Wave.XR.ViveWaveEyeGaze Initialize() RegisterLayout with interface Eye Gaze
UnityEngine.StackTraceUtility:ExtractStackTrace ()
UnityEngine.DebugLogHandler:LogFormat (UnityEngine.LogType,UnityEngine.Object,string,object[])
UnityEngine.Logger:Log (UnityEngine.LogType,object)
UnityEngine.Debug:Log (object)
Wave.XR.ViveWaveEyeGaze:DEBUG (string) (at ./Library/PackageCache/com.htc.upm.wave.xrsdk@5.3.1-r.2/Runtime/ViveWaveEyeGaze.cs:55)
Wave.XR.ViveWaveEyeGaze:Initialize () (at ./Library/PackageCache/com.htc.upm.wave.xrsdk@5.3.1-r.2/Runtime/ViveWaveEyeGaze.cs:73)
Wave.XR.ViveWaveEyeGaze:.cctor () (at ./Library/PackageCache/com.htc.upm.wave.xrsdk@5.3.1-r.2/Runtime/ViveWaveEyeGaze.cs:66)
System.Runtime.CompilerServices.RuntimeHelpers:RunClassConstructor (System.RuntimeTypeHandle)
UnityEditor.EditorAssemblies:ProcessInitializeOnLoadAttributes (System.Type[])

(Filename: ./Library/PackageCache/com.htc.upm.wave.xrsdk@5.3.1-r.2/Runtime/ViveWaveEyeGaze.cs Line: 55)

Wave.XR.ViveWaveEyeGaze Initialize() Adds a ViveWaveEyeGaze device.
UnityEngine.StackTraceUtility:ExtractStackTrace ()
UnityEngine.DebugLogHandler:LogFormat (UnityEngine.LogType,UnityEngine.Object,string,object[])
UnityEngine.Logger:Log (UnityEngine.LogType,object)
UnityEngine.Debug:Log (object)
Wave.XR.ViveWaveEyeGaze:DEBUG (string) (at ./Library/PackageCache/com.htc.upm.wave.xrsdk@5.3.1-r.2/Runtime/ViveWaveEyeGaze.cs:55)
Wave.XR.ViveWaveEyeGaze:Initialize () (at ./Library/PackageCache/com.htc.upm.wave.xrsdk@5.3.1-r.2/Runtime/ViveWaveEyeGaze.cs:88)
Wave.XR.ViveWaveEyeGaze:.cctor () (at ./Library/PackageCache/com.htc.upm.wave.xrsdk@5.3.1-r.2/Runtime/ViveWaveEyeGaze.cs:66)
System.Runtime.CompilerServices.RuntimeHelpers:RunClassConstructor (System.RuntimeTypeHandle)
UnityEditor.EditorAssemblies:ProcessInitializeOnLoadAttributes (System.Type[])

(Filename: ./Library/PackageCache/com.htc.upm.wave.xrsdk@5.3.1-r.2/Runtime/ViveWaveEyeGaze.cs Line: 55)

Wave.XR.ViveWaveController InitializeInPlayer() WVR_CR_Left_001
UnityEngine.StackTraceUtility:ExtractStackTrace ()
UnityEngine.DebugLogHandler:LogFormat (UnityEngine.LogType,UnityEngine.Object,string,object[])
UnityEngine.Logger:Log (UnityEngine.LogType,object)
UnityEngine.Debug:Log (object)
Wave.XR.ViveWaveController:DEBUG (string) (at ./Library/PackageCache/com.htc.upm.wave.xrsdk@5.3.1-r.2/Runtime/ViveWaveController.cs:33)
Wave.XR.ViveWaveController:InitializeInPlayer () (at ./Library/PackageCache/com.htc.upm.wave.xrsdk@5.3.1-r.2/Runtime/ViveWaveController.cs:54)
Wave.XR.ViveWaveController:.cctor () (at ./Library/PackageCache/com.htc.upm.wave.xrsdk@5.3.1-r.2/Runtime/ViveWaveController.cs:47)
System.Runtime.CompilerServices.RuntimeHelpers:RunClassConstructor (System.RuntimeTypeHandle)
UnityEditor.EditorAssemblies:ProcessInitializeOnLoadAttributes (System.Type[])

(Filename: ./Library/PackageCache/com.htc.upm.wave.xrsdk@5.3.1-r.2/Runtime/ViveWaveController.cs Line: 33)

Wave.XR.ViveWaveController InitializeInPlayer() WVR_CR_Right_001
UnityEngine.StackTraceUtility:ExtractStackTrace ()
UnityEngine.DebugLogHandler:LogFormat (UnityEngine.LogType,UnityEngine.Object,string,object[])
UnityEngine.Logger:Log (UnityEngine.LogType,object)
UnityEngine.Debug:Log (object)
Wave.XR.ViveWaveController:DEBUG (string) (at ./Library/PackageCache/com.htc.upm.wave.xrsdk@5.3.1-r.2/Runtime/ViveWaveController.cs:33)
Wave.XR.ViveWaveController:InitializeInPlayer () (at ./Library/PackageCache/com.htc.upm.wave.xrsdk@5.3.1-r.2/Runtime/ViveWaveController.cs:62)
Wave.XR.ViveWaveController:.cctor () (at ./Library/PackageCache/com.htc.upm.wave.xrsdk@5.3.1-r.2/Runtime/ViveWaveController.cs:47)
System.Runtime.CompilerServices.RuntimeHelpers:RunClassConstructor (System.RuntimeTypeHandle)
UnityEditor.EditorAssemblies:ProcessInitializeOnLoadAttributes (System.Type[])

(Filename: ./Library/PackageCache/com.htc.upm.wave.xrsdk@5.3.1-r.2/Runtime/ViveWaveController.cs Line: 33)

Wave.XR.ViveWaveHMD InitializeInPlayer()
UnityEngine.StackTraceUtility:ExtractStackTrace ()
UnityEngine.DebugLogHandler:LogFormat (UnityEngine.LogType,UnityEngine.Object,string,object[])
UnityEngine.Logger:Log (UnityEngine.LogType,object)
UnityEngine.Debug:Log (object)
Wave.XR.ViveWaveHMD:DEBUG (string) (at ./Library/PackageCache/com.htc.upm.wave.xrsdk@5.3.1-r.2/Runtime/ViveWaveHMD.cs:33)
Wave.XR.ViveWaveHMD:InitializeInPlayer () (at ./Library/PackageCache/com.htc.upm.wave.xrsdk@5.3.1-r.2/Runtime/ViveWaveHMD.cs:55)
Wave.XR.ViveWaveHMD:.cctor () (at ./Library/PackageCache/com.htc.upm.wave.xrsdk@5.3.1-r.2/Runtime/ViveWaveHMD.cs:48)
System.Runtime.CompilerServices.RuntimeHelpers:RunClassConstructor (System.RuntimeTypeHandle)
UnityEditor.EditorAssemblies:ProcessInitializeOnLoadAttributes (System.Type[])

(Filename: ./Library/PackageCache/com.htc.upm.wave.xrsdk@5.3.1-r.2/Runtime/ViveWaveHMD.cs Line: 33)

Wave.XR.ViveWaveWristTracker Initialize() RegisterLayout with interface Wrist Tracker
UnityEngine.StackTraceUtility:ExtractStackTrace ()
UnityEngine.DebugLogHandler:LogFormat (UnityEngine.LogType,UnityEngine.Object,string,object[])
UnityEngine.Logger:Log (UnityEngine.LogType,object)
UnityEngine.Debug:Log (object)
Wave.XR.ViveWaveWristTracker:DEBUG (System.Text.StringBuilder) (at ./Library/PackageCache/com.htc.upm.wave.xrsdk@5.3.1-r.2/Runtime/ViveWaveWristTracker.cs:72)
Wave.XR.ViveWaveWristTracker:Initialize () (at ./Library/PackageCache/com.htc.upm.wave.xrsdk@5.3.1-r.2/Runtime/ViveWaveWristTracker.cs:97)
Wave.XR.ViveWaveWristTracker:.cctor () (at ./Library/PackageCache/com.htc.upm.wave.xrsdk@5.3.1-r.2/Runtime/ViveWaveWristTracker.cs:89)
System.Runtime.CompilerServices.RuntimeHelpers:RunClassConstructor (System.RuntimeTypeHandle)
UnityEditor.EditorAssemblies:ProcessInitializeOnLoadAttributes (System.Type[])

(Filename: ./Library/PackageCache/com.htc.upm.wave.xrsdk@5.3.1-r.2/Runtime/ViveWaveWristTracker.cs Line: 72)

Wave.XR.ViveWaveWristTracker Initialize() Adds right ViveWaveWristTracker device Wave Tracker0
UnityEngine.StackTraceUtility:ExtractStackTrace ()
UnityEngine.DebugLogHandler:LogFormat (UnityEngine.LogType,UnityEngine.Object,string,object[])
UnityEngine.Logger:Log (UnityEngine.LogType,object)
UnityEngine.Debug:Log (object)
Wave.XR.ViveWaveWristTracker:DEBUG (System.Text.StringBuilder) (at ./Library/PackageCache/com.htc.upm.wave.xrsdk@5.3.1-r.2/Runtime/ViveWaveWristTracker.cs:72)
Wave.XR.ViveWaveWristTracker:Initialize () (at ./Library/PackageCache/com.htc.upm.wave.xrsdk@5.3.1-r.2/Runtime/ViveWaveWristTracker.cs:114)
Wave.XR.ViveWaveWristTracker:.cctor () (at ./Library/PackageCache/com.htc.upm.wave.xrsdk@5.3.1-r.2/Runtime/ViveWaveWristTracker.cs:89)
System.Runtime.CompilerServices.RuntimeHelpers:RunClassConstructor (System.RuntimeTypeHandle)
UnityEditor.EditorAssemblies:ProcessInitializeOnLoadAttributes (System.Type[])

(Filename: ./Library/PackageCache/com.htc.upm.wave.xrsdk@5.3.1-r.2/Runtime/ViveWaveWristTracker.cs Line: 72)

Wave.XR.ViveWaveWristTracker FinishSetup() deviceId: 0, IsLeft: False, interfaceName: Wrist Tracker, product: Wave Tracker0, serial: HTC-211012-Tracker0
UnityEngine.StackTraceUtility:ExtractStackTrace ()
UnityEngine.DebugLogHandler:LogFormat (UnityEngine.LogType,UnityEngine.Object,string,object[])
UnityEngine.Logger:Log (UnityEngine.LogType,object)
UnityEngine.Debug:Log (object)
Wave.XR.ViveWaveWristTracker:DEBUG (System.Text.StringBuilder) (at ./Library/PackageCache/com.htc.upm.wave.xrsdk@5.3.1-r.2/Runtime/ViveWaveWristTracker.cs:72)
Wave.XR.ViveWaveWristTracker:FinishSetup () (at ./Library/PackageCache/com.htc.upm.wave.xrsdk@5.3.1-r.2/Runtime/ViveWaveWristTracker.cs:157)
UnityEngine.InputSystem.InputControl:CallFinishSetupRecursive () (at ./Library/PackageCache/com.unity.inputsystem@1.5.1/InputSystem/Controls/InputControl.cs:1064)
UnityEngine.InputSystem.Layouts.InputDeviceBuilder:Setup (UnityEngine.InputSystem.Utilities.InternedString,UnityEngine.InputSystem.Utilities.InternedString,UnityEngine.InputSystem.Layouts.InputDeviceDescription) (at ./Library/PackageCache/com.unity.inputsystem@1.5.1/InputSystem/Devices/InputDeviceBuilder.cs:60)
UnityEngine.InputSystem.InputDevice:Build<UnityEngine.InputSystem.InputDevice> (string,string,UnityEngine.InputSystem.Layouts.InputDeviceDescription,bool) (at ./Library/PackageCache/com.unity.inputsystem@1.5.1/InputSystem/Devices/InputDevice.cs:955)
UnityEngine.InputSystem.InputManager:AddDevice (UnityEngine.InputSystem.Utilities.InternedString,int,string,UnityEngine.InputSystem.Layouts.InputDeviceDescription,UnityEngine.InputSystem.InputDevice/DeviceFlags,UnityEngine.InputSystem.Utilities.InternedString) (at ./Library/PackageCache/com.unity.inputsystem@1.5.1/InputSystem/InputManager.cs:1062)
UnityEngine.InputSystem.InputManager:AddDevice (UnityEngine.InputSystem.Layouts.InputDeviceDescription,bool,string,int,UnityEngine.InputSystem.InputDevice/DeviceFlags) (at ./Library/PackageCache/com.unity.inputsystem@1.5.1/InputSystem/InputManager.cs:1222)
UnityEngine.InputSystem.InputManager:AddDevice (UnityEngine.InputSystem.Layouts.InputDeviceDescription) (at ./Library/PackageCache/com.unity.inputsystem@1.5.1/InputSystem/InputManager.cs:1195)
UnityEngine.InputSystem.InputSystem:AddDevice (UnityEngine.InputSystem.Layouts.InputDeviceDescription) (at ./Library/PackageCache/com.unity.inputsystem@1.5.1/InputSystem/InputSystem.cs:1491)
Wave.XR.ViveWaveWristTracker:Initialize () (at ./Library/PackageCache/com.htc.upm.wave.xrsdk@5.3.1-r.2/Runtime/ViveWaveWristTracker.cs:115)
Wave.XR.ViveWaveWristTracker:.cctor () (at ./Library/PackageCache/com.htc.upm.wave.xrsdk@5.3.1-r.2/Runtime/ViveWaveWristTracker.cs:89)
System.Runtime.CompilerServices.RuntimeHelpers:RunClassConstructor (System.RuntimeTypeHandle)
UnityEditor.EditorAssemblies:ProcessInitializeOnLoadAttributes (System.Type[])

(Filename: ./Library/PackageCache/com.htc.upm.wave.xrsdk@5.3.1-r.2/Runtime/ViveWaveWristTracker.cs Line: 72)

Wave.XR.ViveWaveWristTracker Initialize() Adds left ViveWaveWristTracker device Wave Tracker1
UnityEngine.StackTraceUtility:ExtractStackTrace ()
UnityEngine.DebugLogHandler:LogFormat (UnityEngine.LogType,UnityEngine.Object,string,object[])
UnityEngine.Logger:Log (UnityEngine.LogType,object)
UnityEngine.Debug:Log (object)
Wave.XR.ViveWaveWristTracker:DEBUG (System.Text.StringBuilder) (at ./Library/PackageCache/com.htc.upm.wave.xrsdk@5.3.1-r.2/Runtime/ViveWaveWristTracker.cs:72)
Wave.XR.ViveWaveWristTracker:Initialize () (at ./Library/PackageCache/com.htc.upm.wave.xrsdk@5.3.1-r.2/Runtime/ViveWaveWristTracker.cs:119)
Wave.XR.ViveWaveWristTracker:.cctor () (at ./Library/PackageCache/com.htc.upm.wave.xrsdk@5.3.1-r.2/Runtime/ViveWaveWristTracker.cs:89)
System.Runtime.CompilerServices.RuntimeHelpers:RunClassConstructor (System.RuntimeTypeHandle)
UnityEditor.EditorAssemblies:ProcessInitializeOnLoadAttributes (System.Type[])

(Filename: ./Library/PackageCache/com.htc.upm.wave.xrsdk@5.3.1-r.2/Runtime/ViveWaveWristTracker.cs Line: 72)

Wave.XR.ViveWaveWristTracker FinishSetup() deviceId: 0, IsLeft: True, interfaceName: Wrist Tracker, product: Wave Tracker1, serial: HTC-211012-Tracker1
UnityEngine.StackTraceUtility:ExtractStackTrace ()
UnityEngine.DebugLogHandler:LogFormat (UnityEngine.LogType,UnityEngine.Object,string,object[])
UnityEngine.Logger:Log (UnityEngine.LogType,object)
UnityEngine.Debug:Log (object)
Wave.XR.ViveWaveWristTracker:DEBUG (System.Text.StringBuilder) (at ./Library/PackageCache/com.htc.upm.wave.xrsdk@5.3.1-r.2/Runtime/ViveWaveWristTracker.cs:72)
Wave.XR.ViveWaveWristTracker:FinishSetup () (at ./Library/PackageCache/com.htc.upm.wave.xrsdk@5.3.1-r.2/Runtime/ViveWaveWristTracker.cs:157)
UnityEngine.InputSystem.InputControl:CallFinishSetupRecursive () (at ./Library/PackageCache/com.unity.inputsystem@1.5.1/InputSystem/Controls/InputControl.cs:1064)
UnityEngine.InputSystem.Layouts.InputDeviceBuilder:Setup (UnityEngine.InputSystem.Utilities.InternedString,UnityEngine.InputSystem.Utilities.InternedString,UnityEngine.InputSystem.Layouts.InputDeviceDescription) (at ./Library/PackageCache/com.unity.inputsystem@1.5.1/InputSystem/Devices/InputDeviceBuilder.cs:60)
UnityEngine.InputSystem.InputDevice:Build<UnityEngine.InputSystem.InputDevice> (string,string,UnityEngine.InputSystem.Layouts.InputDeviceDescription,bool) (at ./Library/PackageCache/com.unity.inputsystem@1.5.1/InputSystem/Devices/InputDevice.cs:955)
UnityEngine.InputSystem.InputManager:AddDevice (UnityEngine.InputSystem.Utilities.InternedString,int,string,UnityEngine.InputSystem.Layouts.InputDeviceDescription,UnityEngine.InputSystem.InputDevice/DeviceFlags,UnityEngine.InputSystem.Utilities.InternedString) (at ./Library/PackageCache/com.unity.inputsystem@1.5.1/InputSystem/InputManager.cs:1062)
UnityEngine.InputSystem.InputManager:AddDevice (UnityEngine.InputSystem.Layouts.InputDeviceDescription,bool,string,int,UnityEngine.InputSystem.InputDevice/DeviceFlags) (at ./Library/PackageCache/com.unity.inputsystem@1.5.1/InputSystem/InputManager.cs:1222)
UnityEngine.InputSystem.InputManager:AddDevice (UnityEngine.InputSystem.Layouts.InputDeviceDescription) (at ./Library/PackageCache/com.unity.inputsystem@1.5.1/InputSystem/InputManager.cs:1195)
UnityEngine.InputSystem.InputSystem:AddDevice (UnityEngine.InputSystem.Layouts.InputDeviceDescription) (at ./Library/PackageCache/com.unity.inputsystem@1.5.1/InputSystem/InputSystem.cs:1491)
Wave.XR.ViveWaveWristTracker:Initialize () (at ./Library/PackageCache/com.htc.upm.wave.xrsdk@5.3.1-r.2/Runtime/ViveWaveWristTracker.cs:120)
Wave.XR.ViveWaveWristTracker:.cctor () (at ./Library/PackageCache/com.htc.upm.wave.xrsdk@5.3.1-r.2/Runtime/ViveWaveWristTracker.cs:89)
System.Runtime.CompilerServices.RuntimeHelpers:RunClassConstructor (System.RuntimeTypeHandle)
UnityEditor.EditorAssemblies:ProcessInitializeOnLoadAttributes (System.Type[])

(Filename: ./Library/PackageCache/com.htc.upm.wave.xrsdk@5.3.1-r.2/Runtime/ViveWaveWristTracker.cs Line: 72)

Mono: successfully reloaded assembly
[Package Manager] Server::EnsureServerProcessIsRunning -- launch failed, reason: Unity was launched with the -noUpm command-line argument
[Package Manager] UpmClient::Send -- Unable to send message (not connected to UPM process).
[Package Manager] Cannot connect to Unity Package Manager local server
[Package Manager] Server::EnsureServerProcessIsRunning -- launch failed, reason: Unity was launched with the -noUpm command-line argument
[Package Manager] UpmClient::Send -- Unable to send message (not connected to UPM process).
[Package Manager] Cannot connect to Unity Package Manager local server
- Finished resetting the current domain, in  0.765 seconds
Domain Reload Profiling: 1684ms
	BeginReloadAssembly (142ms)
		ExecutionOrderSort (0ms)
		DisableScriptedObjects (6ms)
		BackupInstance (0ms)
		ReleaseScriptingObjects (0ms)
		CreateAndSetChildDomain (28ms)
	RebuildCommonClasses (35ms)
	RebuildNativeTypeToScriptingClass (11ms)
	initialDomainReloadingComplete (41ms)
	LoadAllAssembliesAndSetupDomain (690ms)
		LoadAssemblies (343ms)
		RebuildTransferFunctionScriptingTraits (0ms)
		AnalyzeDomain (417ms)
			TypeCache.Refresh (371ms)
				TypeCache.ScanAssembly (354ms)
			ScanForSourceGeneratedMonoScriptInfo (33ms)
			ResolveRequiredComponents (13ms)
	FinalizeReload (765ms)
		ReleaseScriptCaches (0ms)
		RebuildScriptCaches (0ms)
		SetupLoadedEditorAssemblies (582ms)
			LogAssemblyErrors (0ms)
			InitializePlatformSupportModulesInManaged (21ms)
			SetLoadedEditorAssemblies (4ms)
			RefreshPlugins (0ms)
			BeforeProcessingInitializeOnLoad (78ms)
			ProcessInitializeOnLoadAttributes (379ms)
			ProcessInitializeOnLoadMethodAttributes (97ms)
			AfterProcessingInitializeOnLoad (3ms)
			EditorAssembliesLoaded (0ms)
		ExecutionOrderSort2 (0ms)
		AwakeInstancesAfterBackupRestoration (11ms)
Launched and connected shader compiler UnityShaderCompiler.exe after 0.09 seconds
Refreshing native plugins compatible for Editor in 26.94 ms, found 35 plugins.
Preloading 0 native plugins for Editor in 0.00 ms.
Unloading 6241 Unused Serialized files (Serialized files now loaded: 0)
Unloading 127 unused Assets / (93.9 KB). Loaded Objects now: 6708.
Memory consumption went from 252.9 MB to 252.8 MB.
Total: 6.480100 ms (FindLiveObjects: 0.676300 ms CreateObjectMapping: 0.606700 ms MarkObjects: 4.925200 ms  DeleteObjects: 0.270700 ms)

AssetImportParameters requested are different than current active one (requested -> active):
  custom:container-demuxer-ogg: 62fdf1f143b41e24485cea50d1cbac27 -> 
  custom:video-decoder-ogg-theora: a1e56fd34408186e4bbccfd4996cb3dc -> 
  custom:framework-win-MediaFoundation: 216162199b28c13a410421893ffa2e32 -> 
  custom:container-demuxer-webm: 4f35f7cbe854078d1ac9338744f61a02 -> 
  custom:container-muxer-webm: aa71ff27fc2769a1b78a27578f13a17b -> 
  custom:video-decoder-webm-vp8: 9c59270c3fd7afecdb556c50c9e8de78 -> 
  custom:AudioImporter_EditorPlatform: d09bf68614088b80899f8185d706f6e7 -> 
  custom:video-encoder-webm-vp8: eb34c28f22e8b96e1ab97ce403110664 -> 
  custom:audio-decoder-ogg-vorbis: bf7c407c2cedff20999df2af8eb42d56 -> 
  custom:audio-encoder-webm-vorbis: bf7c407c2cedff20999df2af8eb42d56 -> 
========================================================================
Received Import Request.
  Time since last request: 1084913.285860 seconds.
  path: Assets/TextMesh Pro/Examples & Extras/Textures/Fruit Jelly (B&W).jpg
  artifactKey: Guid(1cdc5b506b1a4a33a53c30669ced1f51) Importer(815301076,1909f56bfc062723c751e8b465ee728b)
Start importing Assets/TextMesh Pro/Examples & Extras/Textures/Fruit Jelly (B&W).jpg using Guid(1cdc5b506b1a4a33a53c30669ced1f51) Importer(815301076,1909f56bfc062723c751e8b465ee728b)  -> (artifact id: '211b352538100751505b42844a485ece') in 0.027730 seconds
Number of updated asset objects reloaded before import = 0
Number of asset objects unloaded after import = 1
========================================================================
Received Import Request.
  Time since last request: 7.507129 seconds.
  path: Assets/FutureAgeGameUI_Free/Sprites/buttons/GreenBtn.PNG
  artifactKey: Guid(92196fd2f3623b446b16cf50f24998c6) Importer(815301076,1909f56bfc062723c751e8b465ee728b)
Start importing Assets/FutureAgeGameUI_Free/Sprites/buttons/GreenBtn.PNG using Guid(92196fd2f3623b446b16cf50f24998c6) Importer(815301076,1909f56bfc062723c751e8b465ee728b)  -> (artifact id: '25512d04d1161996297172efaf3ad721') in 0.003207 seconds
Number of updated asset objects reloaded before import = 0
Number of asset objects unloaded after import = 2
========================================================================
Received Import Request.
  Time since last request: 3.326477 seconds.
  path: Assets/FutureAgeGameUI_Free/Sprites/icons/GreenBtn_21_icon.png
  artifactKey: Guid(fbacd4a9815545d409130a9ef3a3cdc1) Importer(815301076,1909f56bfc062723c751e8b465ee728b)
Start importing Assets/FutureAgeGameUI_Free/Sprites/icons/GreenBtn_21_icon.png using Guid(fbacd4a9815545d409130a9ef3a3cdc1) Importer(815301076,1909f56bfc062723c751e8b465ee728b)  -> (artifact id: 'd7cce31e2d6b5e66a55149f8dcbd46bc') in 0.002002 seconds
Number of updated asset objects reloaded before import = 0
Number of asset objects unloaded after import = 2
========================================================================
Received Import Request.
  Time since last request: 0.324190 seconds.
  path: Assets/Dark UI/Free/Heart.png
  artifactKey: Guid(cfad8ef0b5f68ac46bd02b3156b377a4) Importer(815301076,1909f56bfc062723c751e8b465ee728b)
Start importing Assets/Dark UI/Free/Heart.png using Guid(cfad8ef0b5f68ac46bd02b3156b377a4) Importer(815301076,1909f56bfc062723c751e8b465ee728b)  -> (artifact id: '79927f5eb3b58edad3125786e079ddce') in 0.004201 seconds
Number of updated asset objects reloaded before import = 0
Number of asset objects unloaded after import = 2
========================================================================
Received Import Request.
  Time since last request: 0.000025 seconds.
  path: Packages/com.unity.collab-proxy/Editor/PlasticSCM/Assets/Images/iconaddedlocal.png
  artifactKey: Guid(9a1ab8af8c446204e989a90f18305caf) Importer(815301076,1909f56bfc062723c751e8b465ee728b)
Start importing Packages/com.unity.collab-proxy/Editor/PlasticSCM/Assets/Images/iconaddedlocal.png using Guid(9a1ab8af8c446204e989a90f18305caf) Importer(815301076,1909f56bfc062723c751e8b465ee728b)  -> (artifact id: '6b37699a80e2b57ade041ad36460e45c') in 0.001961 seconds
Number of updated asset objects reloaded before import = 0
Number of asset objects unloaded after import = 1
========================================================================
Received Import Request.
  Time since last request: 0.322922 seconds.
  path: Packages/com.unity.collab-proxy/Editor/PlasticSCM/Assets/Images/iconconflictresolvedoverlay@2x.png
  artifactKey: Guid(309b1d5a294fd6c43ae9cf77656c1852) Importer(815301076,1909f56bfc062723c751e8b465ee728b)
Start importing Packages/com.unity.collab-proxy/Editor/PlasticSCM/Assets/Images/iconconflictresolvedoverlay@2x.png using Guid(309b1d5a294fd6c43ae9cf77656c1852) Importer(815301076,1909f56bfc062723c751e8b465ee728b)  -> (artifact id: 'ae8c899401610fd678c85c60a2e0b19c') in 0.001382 seconds
Number of updated asset objects reloaded before import = 0
Number of asset objects unloaded after import = 1
========================================================================
Received Import Request.
  Time since last request: 0.329829 seconds.
  path: Packages/com.unity.collab-proxy/Editor/PlasticSCM/Assets/Images/icondeletedlocaloverlay@2x.png
  artifactKey: Guid(a3e491f99ea3ad74f8731ca93e84c497) Importer(815301076,1909f56bfc062723c751e8b465ee728b)
Start importing Packages/com.unity.collab-proxy/Editor/PlasticSCM/Assets/Images/icondeletedlocaloverlay@2x.png using Guid(a3e491f99ea3ad74f8731ca93e84c497) Importer(815301076,1909f56bfc062723c751e8b465ee728b)  -> (artifact id: '94bb3657707f7aa88186e1d2f796e464') in 0.002124 seconds
Number of updated asset objects reloaded before import = 0
Number of asset objects unloaded after import = 1
========================================================================
Received Import Request.
  Time since last request: 0.021264 seconds.
  path: Packages/com.unity.collab-proxy/Editor/PlasticSCM/Assets/Images/iconmoved.png
  artifactKey: Guid(8a6cca56e2b63344eb4769cd92d93ffb) Importer(815301076,1909f56bfc062723c751e8b465ee728b)
Start importing Packages/com.unity.collab-proxy/Editor/PlasticSCM/Assets/Images/iconmoved.png using Guid(8a6cca56e2b63344eb4769cd92d93ffb) Importer(815301076,1909f56bfc062723c751e8b465ee728b)  -> (artifact id: '9b80e4b87f33494aab94a9169dd5922a') in 0.001828 seconds
Number of updated asset objects reloaded before import = 0
Number of asset objects unloaded after import = 1
========================================================================
Received Import Request.
  Time since last request: 0.000017 seconds.
  path: Packages/com.unity.collab-proxy/Editor/PlasticSCM/Assets/Images/iconoutofsync.png
  artifactKey: Guid(636d03a8834e3ed4cac3a1cb4b82deaf) Importer(815301076,1909f56bfc062723c751e8b465ee728b)
Start importing Packages/com.unity.collab-proxy/Editor/PlasticSCM/Assets/Images/iconoutofsync.png using Guid(636d03a8834e3ed4cac3a1cb4b82deaf) Importer(815301076,1909f56bfc062723c751e8b465ee728b)  -> (artifact id: '9af92615432fc08e02930f3b54784b76') in 0.001417 seconds
Number of updated asset objects reloaded before import = 0
Number of asset objects unloaded after import = 1
========================================================================
Received Import Request.
  Time since last request: 0.000018 seconds.
  path: Packages/com.unity.collab-proxy/Editor/PlasticSCM/Assets/Images/iconoutofsync@2x.png
  artifactKey: Guid(d7094718bdac022428dd29244922d06b) Importer(815301076,1909f56bfc062723c751e8b465ee728b)
Start importing Packages/com.unity.collab-proxy/Editor/PlasticSCM/Assets/Images/iconoutofsync@2x.png using Guid(d7094718bdac022428dd29244922d06b) Importer(815301076,1909f56bfc062723c751e8b465ee728b)  -> (artifact id: '13c702f063b97f121e843305ad6efff5') in 0.001990 seconds
Number of updated asset objects reloaded before import = 0
Number of asset objects unloaded after import = 1
========================================================================
Received Import Request.
  Time since last request: 2.140855 seconds.
  path: Assets/TextMesh Pro/Examples & Extras/Textures/Text Overflow - Linked Text UI Screenshot.png
  artifactKey: Guid(c76d18757a194d618355f05f815cb0a1) Importer(815301076,1909f56bfc062723c751e8b465ee728b)
Start importing Assets/TextMesh Pro/Examples & Extras/Textures/Text Overflow - Linked Text UI Screenshot.png using Guid(c76d18757a194d618355f05f815cb0a1) Importer(815301076,1909f56bfc062723c751e8b465ee728b)  -> (artifact id: 'f35e62bc0efe4ee0cef6f8ae17da6842') in 0.003530 seconds
Number of updated asset objects reloaded before import = 0
Number of asset objects unloaded after import = 1
Editor requested this worker to shutdown with reason: Scaling down because of idle timeout
TcpMessagingSession - receive error: operation aborted. errorcode: 995, details: The I/O operation has been aborted because of either a thread exit or an application request.
AssetImportWorker is now disconnected from the server
Process exiting
Exiting without the bug reporter. Application will terminate with return code 0