Using pre-set license
Built from '2022.3/release' branch; Version is '2022.3.0f1 (fb119bb0b476) revision 16454043'; Using compiler version '192829333'; Build Type 'Release'
OS: 'Windows 11  (10.0.22631) 64bit Enterprise' Language: 'en' Physical Memory: 65234 MB
BatchMode: 1, IsHumanControllingUs: 0, StartBugReporterOnCrash: 0, Is64bit: 1, IsPro: 1

COMMAND LINE ARGUMENTS:
F:\2022.3.0f1\Editor\Unity.exe
-adb2
-batchMode
-noUpm
-name
AssetImportWorker8
-projectPath
E:/CSE485/GitHub Project/MyndVR_Capstone/MyndVRCapstone
-logFile
Logs/AssetImportWorker8.log
-srvPort
59035
Successfully changed project path to: E:/CSE485/GitHub Project/MyndVR_Capstone/MyndVRCapstone
E:/CSE485/GitHub Project/MyndVR_Capstone/MyndVRCapstone
[UnityMemory] Configuration Parameters - Can be set up in boot.config
    "memorysetup-bucket-allocator-granularity=16"
    "memorysetup-bucket-allocator-bucket-count=8"
    "memorysetup-bucket-allocator-block-size=33554432"
    "memorysetup-bucket-allocator-block-count=8"
    "memorysetup-main-allocator-block-size=16777216"
    "memorysetup-thread-allocator-block-size=16777216"
    "memorysetup-gfx-main-allocator-block-size=16777216"
    "memorysetup-gfx-thread-allocator-block-size=16777216"
    "memorysetup-cache-allocator-block-size=4194304"
    "memorysetup-typetree-allocator-block-size=2097152"
    "memorysetup-profiler-bucket-allocator-granularity=16"
    "memorysetup-profiler-bucket-allocator-bucket-count=8"
    "memorysetup-profiler-bucket-allocator-block-size=33554432"
    "memorysetup-profiler-bucket-allocator-block-count=8"
    "memorysetup-profiler-allocator-block-size=16777216"
    "memorysetup-profiler-editor-allocator-block-size=1048576"
    "memorysetup-temp-allocator-size-main=16777216"
    "memorysetup-job-temp-allocator-block-size=2097152"
    "memorysetup-job-temp-allocator-block-size-background=1048576"
    "memorysetup-job-temp-allocator-reduction-small-platforms=262144"
    "memorysetup-allocator-temp-initial-block-size-main=262144"
    "memorysetup-allocator-temp-initial-block-size-worker=262144"
    "memorysetup-temp-allocator-size-background-worker=32768"
    "memorysetup-temp-allocator-size-job-worker=262144"
    "memorysetup-temp-allocator-size-preload-manager=33554432"
    "memorysetup-temp-allocator-size-nav-mesh-worker=65536"
    "memorysetup-temp-allocator-size-audio-worker=65536"
    "memorysetup-temp-allocator-size-cloud-worker=32768"
    "memorysetup-temp-allocator-size-gi-baking-worker=262144"
    "memorysetup-temp-allocator-size-gfx=262144"
Player connection [5436] Host "[IP] 10.218.108.230 [Port] 0 [Flags] 2 [Guid] 3571230400 [EditorId] 3571230400 [Version] 1048832 [Id] WindowsEditor(7,EN6169321W) [Debug] 1 [PackageName] WindowsEditor [ProjectName] Editor" joined multi-casting on [225.0.0.222:54997]...

Player connection [5436] Host "[IP] 10.218.108.230 [Port] 0 [Flags] 2 [Guid] 3571230400 [EditorId] 3571230400 [Version] 1048832 [Id] WindowsEditor(7,EN6169321W) [Debug] 1 [PackageName] WindowsEditor [ProjectName] Editor" joined alternative multi-casting on [225.0.0.222:34997]...

Refreshing native plugins compatible for Editor in 1770.37 ms, found 36 plugins.
Preloading 0 native plugins for Editor in 0.00 ms.
Initialize engine version: 2022.3.0f1 (fb119bb0b476)
[Subsystems] Discovering subsystems at path F:/2022.3.0f1/Editor/Data/Resources/UnitySubsystems
[Subsystems] Discovering subsystems at path E:/CSE485/GitHub Project/MyndVR_Capstone/MyndVRCapstone/Assets
GfxDevice: creating device client; threaded=0; jobified=0
Direct3D:
    Version:  Direct3D 11.0 [level 11.1]
    Renderer: NVIDIA Quadro RTX 5000 (ID=0x1eb0)
    Vendor:   NVIDIA
    VRAM:     16161 MB
    Driver:   31.0.15.3758
Initialize mono
Mono path[0] = 'F:/2022.3.0f1/Editor/Data/Managed'
Mono path[1] = 'F:/2022.3.0f1/Editor/Data/MonoBleedingEdge/lib/mono/unityjit-win32'
Mono config path = 'F:/2022.3.0f1/Editor/Data/MonoBleedingEdge/etc'
Using monoOptions --debugger-agent=transport=dt_socket,embedding=1,server=y,suspend=n,address=127.0.0.1:56708
Begin MonoManager ReloadAssembly
Registering precompiled unity dll's ...
Register platform support module: F:/2022.3.0f1/Editor/Data/PlaybackEngines/AndroidPlayer/UnityEditor.Android.Extensions.dll
Register platform support module: F:/2022.3.0f1/Editor/Data/PlaybackEngines/WindowsStandaloneSupport/UnityEditor.WindowsStandalone.Extensions.dll
Registered in 0.005041 seconds.
- Loaded All Assemblies, in  0.733 seconds
Native extension for WindowsStandalone target not found
Native extension for Android target not found
Android Extension - Scanning For ADB Devices 1003 ms
Mono: successfully reloaded assembly
- Finished resetting the current domain, in  1.349 seconds
Domain Reload Profiling: 2082ms
	BeginReloadAssembly (94ms)
		ExecutionOrderSort (0ms)
		DisableScriptedObjects (0ms)
		BackupInstance (0ms)
		ReleaseScriptingObjects (0ms)
		CreateAndSetChildDomain (1ms)
	RebuildCommonClasses (180ms)
	RebuildNativeTypeToScriptingClass (11ms)
	initialDomainReloadingComplete (51ms)
	LoadAllAssembliesAndSetupDomain (396ms)
		LoadAssemblies (94ms)
		RebuildTransferFunctionScriptingTraits (0ms)
		AnalyzeDomain (392ms)
			TypeCache.Refresh (391ms)
				TypeCache.ScanAssembly (300ms)
			ScanForSourceGeneratedMonoScriptInfo (0ms)
			ResolveRequiredComponents (1ms)
	FinalizeReload (1350ms)
		ReleaseScriptCaches (0ms)
		RebuildScriptCaches (0ms)
		SetupLoadedEditorAssemblies (1284ms)
			LogAssemblyErrors (0ms)
			InitializePlatformSupportModulesInManaged (1114ms)
			SetLoadedEditorAssemblies (4ms)
			RefreshPlugins (0ms)
			BeforeProcessingInitializeOnLoad (2ms)
			ProcessInitializeOnLoadAttributes (102ms)
			ProcessInitializeOnLoadMethodAttributes (62ms)
			AfterProcessingInitializeOnLoad (0ms)
			EditorAssembliesLoaded (0ms)
		ExecutionOrderSort2 (0ms)
		AwakeInstancesAfterBackupRestoration (0ms)
========================================================================
Worker process is ready to serve import requests
Begin MonoManager ReloadAssembly
Symbol file LoadedFromMemory doesn't match image E:\CSE485\GitHub Project\MyndVR_Capstone\MyndVRCapstone\Library\PackageCache\com.unity.visualscripting@1.8.0\Editor\VisualScripting.Core\Dependencies\YamlDotNet\Unity.VisualScripting.YamlDotNet.dll
Symbol file LoadedFromMemory doesn't match image E:\CSE485\GitHub Project\MyndVR_Capstone\MyndVRCapstone\Library\PackageCache\com.unity.visualscripting@1.8.0\Editor\VisualScripting.Core\Dependencies\DotNetZip\Unity.VisualScripting.IonicZip.dll
- Loaded All Assemblies, in  1.104 seconds
Refreshing native plugins compatible for Editor in 25.39 ms, found 36 plugins.
Native extension for WindowsStandalone target not found
Native extension for Android target not found
Package Manager log level set to [2]
[Package Manager] Server::EnsureServerProcessIsRunning -- launch failed, reason: Unity was launched with the -noUpm command-line argument
[Package Manager] UpmClient::Send -- Unable to send message (not connected to UPM process).
[Package Manager] Cannot connect to Unity Package Manager local server
Wave.XR.ViveWaveEyeGaze ctor()
UnityEngine.StackTraceUtility:ExtractStackTrace ()
UnityEngine.DebugLogHandler:LogFormat (UnityEngine.LogType,UnityEngine.Object,string,object[])
UnityEngine.Logger:Log (UnityEngine.LogType,object)
UnityEngine.Debug:Log (object)
Wave.XR.ViveWaveEyeGaze:DEBUG (string) (at ./Library/PackageCache/com.htc.upm.wave.xrsdk@5.3.1-r.2/Runtime/ViveWaveEyeGaze.cs:55)
Wave.XR.ViveWaveEyeGaze:.cctor () (at ./Library/PackageCache/com.htc.upm.wave.xrsdk@5.3.1-r.2/Runtime/ViveWaveEyeGaze.cs:65)
System.Runtime.CompilerServices.RuntimeHelpers:RunClassConstructor (System.RuntimeTypeHandle)
UnityEditor.EditorAssemblies:ProcessInitializeOnLoadAttributes (System.Type[])

(Filename: ./Library/PackageCache/com.htc.upm.wave.xrsdk@5.3.1-r.2/Runtime/ViveWaveEyeGaze.cs Line: 55)

Wave.XR.ViveWaveEyeGaze Initialize() RegisterLayout with interface Eye Gaze
UnityEngine.StackTraceUtility:ExtractStackTrace ()
UnityEngine.DebugLogHandler:LogFormat (UnityEngine.LogType,UnityEngine.Object,string,object[])
UnityEngine.Logger:Log (UnityEngine.LogType,object)
UnityEngine.Debug:Log (object)
Wave.XR.ViveWaveEyeGaze:DEBUG (string) (at ./Library/PackageCache/com.htc.upm.wave.xrsdk@5.3.1-r.2/Runtime/ViveWaveEyeGaze.cs:55)
Wave.XR.ViveWaveEyeGaze:Initialize () (at ./Library/PackageCache/com.htc.upm.wave.xrsdk@5.3.1-r.2/Runtime/ViveWaveEyeGaze.cs:73)
Wave.XR.ViveWaveEyeGaze:.cctor () (at ./Library/PackageCache/com.htc.upm.wave.xrsdk@5.3.1-r.2/Runtime/ViveWaveEyeGaze.cs:66)
System.Runtime.CompilerServices.RuntimeHelpers:RunClassConstructor (System.RuntimeTypeHandle)
UnityEditor.EditorAssemblies:ProcessInitializeOnLoadAttributes (System.Type[])

(Filename: ./Library/PackageCache/com.htc.upm.wave.xrsdk@5.3.1-r.2/Runtime/ViveWaveEyeGaze.cs Line: 55)

Wave.XR.ViveWaveEyeGaze Initialize() Adds a ViveWaveEyeGaze device.
UnityEngine.StackTraceUtility:ExtractStackTrace ()
UnityEngine.DebugLogHandler:LogFormat (UnityEngine.LogType,UnityEngine.Object,string,object[])
UnityEngine.Logger:Log (UnityEngine.LogType,object)
UnityEngine.Debug:Log (object)
Wave.XR.ViveWaveEyeGaze:DEBUG (string) (at ./Library/PackageCache/com.htc.upm.wave.xrsdk@5.3.1-r.2/Runtime/ViveWaveEyeGaze.cs:55)
Wave.XR.ViveWaveEyeGaze:Initialize () (at ./Library/PackageCache/com.htc.upm.wave.xrsdk@5.3.1-r.2/Runtime/ViveWaveEyeGaze.cs:88)
Wave.XR.ViveWaveEyeGaze:.cctor () (at ./Library/PackageCache/com.htc.upm.wave.xrsdk@5.3.1-r.2/Runtime/ViveWaveEyeGaze.cs:66)
System.Runtime.CompilerServices.RuntimeHelpers:RunClassConstructor (System.RuntimeTypeHandle)
UnityEditor.EditorAssemblies:ProcessInitializeOnLoadAttributes (System.Type[])

(Filename: ./Library/PackageCache/com.htc.upm.wave.xrsdk@5.3.1-r.2/Runtime/ViveWaveEyeGaze.cs Line: 55)

Wave.XR.ViveWaveController InitializeInPlayer() WVR_CR_Left_001
UnityEngine.StackTraceUtility:ExtractStackTrace ()
UnityEngine.DebugLogHandler:LogFormat (UnityEngine.LogType,UnityEngine.Object,string,object[])
UnityEngine.Logger:Log (UnityEngine.LogType,object)
UnityEngine.Debug:Log (object)
Wave.XR.ViveWaveController:DEBUG (string) (at ./Library/PackageCache/com.htc.upm.wave.xrsdk@5.3.1-r.2/Runtime/ViveWaveController.cs:33)
Wave.XR.ViveWaveController:InitializeInPlayer () (at ./Library/PackageCache/com.htc.upm.wave.xrsdk@5.3.1-r.2/Runtime/ViveWaveController.cs:54)
Wave.XR.ViveWaveController:.cctor () (at ./Library/PackageCache/com.htc.upm.wave.xrsdk@5.3.1-r.2/Runtime/ViveWaveController.cs:47)
System.Runtime.CompilerServices.RuntimeHelpers:RunClassConstructor (System.RuntimeTypeHandle)
UnityEditor.EditorAssemblies:ProcessInitializeOnLoadAttributes (System.Type[])

(Filename: ./Library/PackageCache/com.htc.upm.wave.xrsdk@5.3.1-r.2/Runtime/ViveWaveController.cs Line: 33)

Wave.XR.ViveWaveController InitializeInPlayer() WVR_CR_Right_001
UnityEngine.StackTraceUtility:ExtractStackTrace ()
UnityEngine.DebugLogHandler:LogFormat (UnityEngine.LogType,UnityEngine.Object,string,object[])
UnityEngine.Logger:Log (UnityEngine.LogType,object)
UnityEngine.Debug:Log (object)
Wave.XR.ViveWaveController:DEBUG (string) (at ./Library/PackageCache/com.htc.upm.wave.xrsdk@5.3.1-r.2/Runtime/ViveWaveController.cs:33)
Wave.XR.ViveWaveController:InitializeInPlayer () (at ./Library/PackageCache/com.htc.upm.wave.xrsdk@5.3.1-r.2/Runtime/ViveWaveController.cs:62)
Wave.XR.ViveWaveController:.cctor () (at ./Library/PackageCache/com.htc.upm.wave.xrsdk@5.3.1-r.2/Runtime/ViveWaveController.cs:47)
System.Runtime.CompilerServices.RuntimeHelpers:RunClassConstructor (System.RuntimeTypeHandle)
UnityEditor.EditorAssemblies:ProcessInitializeOnLoadAttributes (System.Type[])

(Filename: ./Library/PackageCache/com.htc.upm.wave.xrsdk@5.3.1-r.2/Runtime/ViveWaveController.cs Line: 33)

Wave.XR.ViveWaveHMD InitializeInPlayer()
UnityEngine.StackTraceUtility:ExtractStackTrace ()
UnityEngine.DebugLogHandler:LogFormat (UnityEngine.LogType,UnityEngine.Object,string,object[])
UnityEngine.Logger:Log (UnityEngine.LogType,object)
UnityEngine.Debug:Log (object)
Wave.XR.ViveWaveHMD:DEBUG (string) (at ./Library/PackageCache/com.htc.upm.wave.xrsdk@5.3.1-r.2/Runtime/ViveWaveHMD.cs:33)
Wave.XR.ViveWaveHMD:InitializeInPlayer () (at ./Library/PackageCache/com.htc.upm.wave.xrsdk@5.3.1-r.2/Runtime/ViveWaveHMD.cs:55)
Wave.XR.ViveWaveHMD:.cctor () (at ./Library/PackageCache/com.htc.upm.wave.xrsdk@5.3.1-r.2/Runtime/ViveWaveHMD.cs:48)
System.Runtime.CompilerServices.RuntimeHelpers:RunClassConstructor (System.RuntimeTypeHandle)
UnityEditor.EditorAssemblies:ProcessInitializeOnLoadAttributes (System.Type[])

(Filename: ./Library/PackageCache/com.htc.upm.wave.xrsdk@5.3.1-r.2/Runtime/ViveWaveHMD.cs Line: 33)

Wave.XR.ViveWaveWristTracker Initialize() RegisterLayout with interface Wrist Tracker
UnityEngine.StackTraceUtility:ExtractStackTrace ()
UnityEngine.DebugLogHandler:LogFormat (UnityEngine.LogType,UnityEngine.Object,string,object[])
UnityEngine.Logger:Log (UnityEngine.LogType,object)
UnityEngine.Debug:Log (object)
Wave.XR.ViveWaveWristTracker:DEBUG (System.Text.StringBuilder) (at ./Library/PackageCache/com.htc.upm.wave.xrsdk@5.3.1-r.2/Runtime/ViveWaveWristTracker.cs:72)
Wave.XR.ViveWaveWristTracker:Initialize () (at ./Library/PackageCache/com.htc.upm.wave.xrsdk@5.3.1-r.2/Runtime/ViveWaveWristTracker.cs:97)
Wave.XR.ViveWaveWristTracker:.cctor () (at ./Library/PackageCache/com.htc.upm.wave.xrsdk@5.3.1-r.2/Runtime/ViveWaveWristTracker.cs:89)
System.Runtime.CompilerServices.RuntimeHelpers:RunClassConstructor (System.RuntimeTypeHandle)
UnityEditor.EditorAssemblies:ProcessInitializeOnLoadAttributes (System.Type[])

(Filename: ./Library/PackageCache/com.htc.upm.wave.xrsdk@5.3.1-r.2/Runtime/ViveWaveWristTracker.cs Line: 72)

Wave.XR.ViveWaveWristTracker Initialize() Adds right ViveWaveWristTracker device Wave Tracker0
UnityEngine.StackTraceUtility:ExtractStackTrace ()
UnityEngine.DebugLogHandler:LogFormat (UnityEngine.LogType,UnityEngine.Object,string,object[])
UnityEngine.Logger:Log (UnityEngine.LogType,object)
UnityEngine.Debug:Log (object)
Wave.XR.ViveWaveWristTracker:DEBUG (System.Text.StringBuilder) (at ./Library/PackageCache/com.htc.upm.wave.xrsdk@5.3.1-r.2/Runtime/ViveWaveWristTracker.cs:72)
Wave.XR.ViveWaveWristTracker:Initialize () (at ./Library/PackageCache/com.htc.upm.wave.xrsdk@5.3.1-r.2/Runtime/ViveWaveWristTracker.cs:114)
Wave.XR.ViveWaveWristTracker:.cctor () (at ./Library/PackageCache/com.htc.upm.wave.xrsdk@5.3.1-r.2/Runtime/ViveWaveWristTracker.cs:89)
System.Runtime.CompilerServices.RuntimeHelpers:RunClassConstructor (System.RuntimeTypeHandle)
UnityEditor.EditorAssemblies:ProcessInitializeOnLoadAttributes (System.Type[])

(Filename: ./Library/PackageCache/com.htc.upm.wave.xrsdk@5.3.1-r.2/Runtime/ViveWaveWristTracker.cs Line: 72)

Wave.XR.ViveWaveWristTracker FinishSetup() deviceId: 0, IsLeft: False, interfaceName: Wrist Tracker, product: Wave Tracker0, serial: HTC-211012-Tracker0
UnityEngine.StackTraceUtility:ExtractStackTrace ()
UnityEngine.DebugLogHandler:LogFormat (UnityEngine.LogType,UnityEngine.Object,string,object[])
UnityEngine.Logger:Log (UnityEngine.LogType,object)
UnityEngine.Debug:Log (object)
Wave.XR.ViveWaveWristTracker:DEBUG (System.Text.StringBuilder) (at ./Library/PackageCache/com.htc.upm.wave.xrsdk@5.3.1-r.2/Runtime/ViveWaveWristTracker.cs:72)
Wave.XR.ViveWaveWristTracker:FinishSetup () (at ./Library/PackageCache/com.htc.upm.wave.xrsdk@5.3.1-r.2/Runtime/ViveWaveWristTracker.cs:157)
UnityEngine.InputSystem.InputControl:CallFinishSetupRecursive () (at ./Library/PackageCache/com.unity.inputsystem@1.5.1/InputSystem/Controls/InputControl.cs:1064)
UnityEngine.InputSystem.Layouts.InputDeviceBuilder:Setup (UnityEngine.InputSystem.Utilities.InternedString,UnityEngine.InputSystem.Utilities.InternedString,UnityEngine.InputSystem.Layouts.InputDeviceDescription) (at ./Library/PackageCache/com.unity.inputsystem@1.5.1/InputSystem/Devices/InputDeviceBuilder.cs:60)
UnityEngine.InputSystem.InputDevice:Build<UnityEngine.InputSystem.InputDevice> (string,string,UnityEngine.InputSystem.Layouts.InputDeviceDescription,bool) (at ./Library/PackageCache/com.unity.inputsystem@1.5.1/InputSystem/Devices/InputDevice.cs:955)
UnityEngine.InputSystem.InputManager:AddDevice (UnityEngine.InputSystem.Utilities.InternedString,int,string,UnityEngine.InputSystem.Layouts.InputDeviceDescription,UnityEngine.InputSystem.InputDevice/DeviceFlags,UnityEngine.InputSystem.Utilities.InternedString) (at ./Library/PackageCache/com.unity.inputsystem@1.5.1/InputSystem/InputManager.cs:1062)
UnityEngine.InputSystem.InputManager:AddDevice (UnityEngine.InputSystem.Layouts.InputDeviceDescription,bool,string,int,UnityEngine.InputSystem.InputDevice/DeviceFlags) (at ./Library/PackageCache/com.unity.inputsystem@1.5.1/InputSystem/InputManager.cs:1222)
UnityEngine.InputSystem.InputManager:AddDevice (UnityEngine.InputSystem.Layouts.InputDeviceDescription) (at ./Library/PackageCache/com.unity.inputsystem@1.5.1/InputSystem/InputManager.cs:1195)
UnityEngine.InputSystem.InputSystem:AddDevice (UnityEngine.InputSystem.Layouts.InputDeviceDescription) (at ./Library/PackageCache/com.unity.inputsystem@1.5.1/InputSystem/InputSystem.cs:1491)
Wave.XR.ViveWaveWristTracker:Initialize () (at ./Library/PackageCache/com.htc.upm.wave.xrsdk@5.3.1-r.2/Runtime/ViveWaveWristTracker.cs:115)
Wave.XR.ViveWaveWristTracker:.cctor () (at ./Library/PackageCache/com.htc.upm.wave.xrsdk@5.3.1-r.2/Runtime/ViveWaveWristTracker.cs:89)
System.Runtime.CompilerServices.RuntimeHelpers:RunClassConstructor (System.RuntimeTypeHandle)
UnityEditor.EditorAssemblies:ProcessInitializeOnLoadAttributes (System.Type[])

(Filename: ./Library/PackageCache/com.htc.upm.wave.xrsdk@5.3.1-r.2/Runtime/ViveWaveWristTracker.cs Line: 72)

Wave.XR.ViveWaveWristTracker Initialize() Adds left ViveWaveWristTracker device Wave Tracker1
UnityEngine.StackTraceUtility:ExtractStackTrace ()
UnityEngine.DebugLogHandler:LogFormat (UnityEngine.LogType,UnityEngine.Object,string,object[])
UnityEngine.Logger:Log (UnityEngine.LogType,object)
UnityEngine.Debug:Log (object)
Wave.XR.ViveWaveWristTracker:DEBUG (System.Text.StringBuilder) (at ./Library/PackageCache/com.htc.upm.wave.xrsdk@5.3.1-r.2/Runtime/ViveWaveWristTracker.cs:72)
Wave.XR.ViveWaveWristTracker:Initialize () (at ./Library/PackageCache/com.htc.upm.wave.xrsdk@5.3.1-r.2/Runtime/ViveWaveWristTracker.cs:119)
Wave.XR.ViveWaveWristTracker:.cctor () (at ./Library/PackageCache/com.htc.upm.wave.xrsdk@5.3.1-r.2/Runtime/ViveWaveWristTracker.cs:89)
System.Runtime.CompilerServices.RuntimeHelpers:RunClassConstructor (System.RuntimeTypeHandle)
UnityEditor.EditorAssemblies:ProcessInitializeOnLoadAttributes (System.Type[])

(Filename: ./Library/PackageCache/com.htc.upm.wave.xrsdk@5.3.1-r.2/Runtime/ViveWaveWristTracker.cs Line: 72)

Wave.XR.ViveWaveWristTracker FinishSetup() deviceId: 0, IsLeft: True, interfaceName: Wrist Tracker, product: Wave Tracker1, serial: HTC-211012-Tracker1
UnityEngine.StackTraceUtility:ExtractStackTrace ()
UnityEngine.DebugLogHandler:LogFormat (UnityEngine.LogType,UnityEngine.Object,string,object[])
UnityEngine.Logger:Log (UnityEngine.LogType,object)
UnityEngine.Debug:Log (object)
Wave.XR.ViveWaveWristTracker:DEBUG (System.Text.StringBuilder) (at ./Library/PackageCache/com.htc.upm.wave.xrsdk@5.3.1-r.2/Runtime/ViveWaveWristTracker.cs:72)
Wave.XR.ViveWaveWristTracker:FinishSetup () (at ./Library/PackageCache/com.htc.upm.wave.xrsdk@5.3.1-r.2/Runtime/ViveWaveWristTracker.cs:157)
UnityEngine.InputSystem.InputControl:CallFinishSetupRecursive () (at ./Library/PackageCache/com.unity.inputsystem@1.5.1/InputSystem/Controls/InputControl.cs:1064)
UnityEngine.InputSystem.Layouts.InputDeviceBuilder:Setup (UnityEngine.InputSystem.Utilities.InternedString,UnityEngine.InputSystem.Utilities.InternedString,UnityEngine.InputSystem.Layouts.InputDeviceDescription) (at ./Library/PackageCache/com.unity.inputsystem@1.5.1/InputSystem/Devices/InputDeviceBuilder.cs:60)
UnityEngine.InputSystem.InputDevice:Build<UnityEngine.InputSystem.InputDevice> (string,string,UnityEngine.InputSystem.Layouts.InputDeviceDescription,bool) (at ./Library/PackageCache/com.unity.inputsystem@1.5.1/InputSystem/Devices/InputDevice.cs:955)
UnityEngine.InputSystem.InputManager:AddDevice (UnityEngine.InputSystem.Utilities.InternedString,int,string,UnityEngine.InputSystem.Layouts.InputDeviceDescription,UnityEngine.InputSystem.InputDevice/DeviceFlags,UnityEngine.InputSystem.Utilities.InternedString) (at ./Library/PackageCache/com.unity.inputsystem@1.5.1/InputSystem/InputManager.cs:1062)
UnityEngine.InputSystem.InputManager:AddDevice (UnityEngine.InputSystem.Layouts.InputDeviceDescription,bool,string,int,UnityEngine.InputSystem.InputDevice/DeviceFlags) (at ./Library/PackageCache/com.unity.inputsystem@1.5.1/InputSystem/InputManager.cs:1222)
UnityEngine.InputSystem.InputManager:AddDevice (UnityEngine.InputSystem.Layouts.InputDeviceDescription) (at ./Library/PackageCache/com.unity.inputsystem@1.5.1/InputSystem/InputManager.cs:1195)
UnityEngine.InputSystem.InputSystem:AddDevice (UnityEngine.InputSystem.Layouts.InputDeviceDescription) (at ./Library/PackageCache/com.unity.inputsystem@1.5.1/InputSystem/InputSystem.cs:1491)
Wave.XR.ViveWaveWristTracker:Initialize () (at ./Library/PackageCache/com.htc.upm.wave.xrsdk@5.3.1-r.2/Runtime/ViveWaveWristTracker.cs:120)
Wave.XR.ViveWaveWristTracker:.cctor () (at ./Library/PackageCache/com.htc.upm.wave.xrsdk@5.3.1-r.2/Runtime/ViveWaveWristTracker.cs:89)
System.Runtime.CompilerServices.RuntimeHelpers:RunClassConstructor (System.RuntimeTypeHandle)
UnityEditor.EditorAssemblies:ProcessInitializeOnLoadAttributes (System.Type[])

(Filename: ./Library/PackageCache/com.htc.upm.wave.xrsdk@5.3.1-r.2/Runtime/ViveWaveWristTracker.cs Line: 72)

Mono: successfully reloaded assembly
[Package Manager] Server::EnsureServerProcessIsRunning -- launch failed, reason: Unity was launched with the -noUpm command-line argument
[Package Manager] UpmClient::Send -- Unable to send message (not connected to UPM process).
[Package Manager] Cannot connect to Unity Package Manager local server
[Package Manager] Server::EnsureServerProcessIsRunning -- launch failed, reason: Unity was launched with the -noUpm command-line argument
[Package Manager] UpmClient::Send -- Unable to send message (not connected to UPM process).
[Package Manager] Cannot connect to Unity Package Manager local server
- Finished resetting the current domain, in  0.848 seconds
Domain Reload Profiling: 1952ms
	BeginReloadAssembly (149ms)
		ExecutionOrderSort (0ms)
		DisableScriptedObjects (6ms)
		BackupInstance (0ms)
		ReleaseScriptingObjects (0ms)
		CreateAndSetChildDomain (29ms)
	RebuildCommonClasses (36ms)
	RebuildNativeTypeToScriptingClass (11ms)
	initialDomainReloadingComplete (41ms)
	LoadAllAssembliesAndSetupDomain (866ms)
		LoadAssemblies (383ms)
		RebuildTransferFunctionScriptingTraits (0ms)
		AnalyzeDomain (553ms)
			TypeCache.Refresh (496ms)
				TypeCache.ScanAssembly (475ms)
			ScanForSourceGeneratedMonoScriptInfo (42ms)
			ResolveRequiredComponents (15ms)
	FinalizeReload (849ms)
		ReleaseScriptCaches (0ms)
		RebuildScriptCaches (0ms)
		SetupLoadedEditorAssemblies (637ms)
			LogAssemblyErrors (0ms)
			InitializePlatformSupportModulesInManaged (23ms)
			SetLoadedEditorAssemblies (4ms)
			RefreshPlugins (0ms)
			BeforeProcessingInitializeOnLoad (84ms)
			ProcessInitializeOnLoadAttributes (417ms)
			ProcessInitializeOnLoadMethodAttributes (106ms)
			AfterProcessingInitializeOnLoad (2ms)
			EditorAssembliesLoaded (0ms)
		ExecutionOrderSort2 (0ms)
		AwakeInstancesAfterBackupRestoration (11ms)
Launched and connected shader compiler UnityShaderCompiler.exe after 0.13 seconds
Refreshing native plugins compatible for Editor in 25.67 ms, found 36 plugins.
Preloading 0 native plugins for Editor in 0.00 ms.
Unloading 6275 Unused Serialized files (Serialized files now loaded: 0)
Unloading 135 unused Assets / (95.0 KB). Loaded Objects now: 6742.
Memory consumption went from 254.9 MB to 254.8 MB.
Total: 6.341800 ms (FindLiveObjects: 0.666500 ms CreateObjectMapping: 0.635500 ms MarkObjects: 4.756900 ms  DeleteObjects: 0.281600 ms)

AssetImportParameters requested are different than current active one (requested -> active):
  custom:container-demuxer-ogg: 62fdf1f143b41e24485cea50d1cbac27 -> 
  custom:video-decoder-ogg-theora: a1e56fd34408186e4bbccfd4996cb3dc -> 
  custom:framework-win-MediaFoundation: 216162199b28c13a410421893ffa2e32 -> 
  custom:container-demuxer-webm: 4f35f7cbe854078d1ac9338744f61a02 -> 
  custom:container-muxer-webm: aa71ff27fc2769a1b78a27578f13a17b -> 
  custom:video-decoder-webm-vp8: 9c59270c3fd7afecdb556c50c9e8de78 -> 
  custom:AudioImporter_EditorPlatform: d09bf68614088b80899f8185d706f6e7 -> 
  custom:video-encoder-webm-vp8: eb34c28f22e8b96e1ab97ce403110664 -> 
  custom:audio-decoder-ogg-vorbis: bf7c407c2cedff20999df2af8eb42d56 -> 
  custom:audio-encoder-webm-vorbis: bf7c407c2cedff20999df2af8eb42d56 -> 
========================================================================
Received Prepare
Refreshing native plugins compatible for Editor in 24.31 ms, found 36 plugins.
Preloading 0 native plugins for Editor in 0.00 ms.
Unloading 2 Unused Serialized files (Serialized files now loaded: 0)
Unloading 2 unused Assets / (5.5 KB). Loaded Objects now: 6742.
Memory consumption went from 129.7 MB to 129.7 MB.
Total: 5.577000 ms (FindLiveObjects: 0.698900 ms CreateObjectMapping: 0.716800 ms MarkObjects: 4.117300 ms  DeleteObjects: 0.042600 ms)

Prepare: number of updated asset objects reloaded= 0
AssetImportParameters requested are different than current active one (requested -> active):
  custom:container-demuxer-ogg: 62fdf1f143b41e24485cea50d1cbac27 -> 
  custom:video-decoder-ogg-theora: a1e56fd34408186e4bbccfd4996cb3dc -> 
  custom:framework-win-MediaFoundation: 216162199b28c13a410421893ffa2e32 -> 
  custom:container-demuxer-webm: 4f35f7cbe854078d1ac9338744f61a02 -> 
  custom:container-muxer-webm: aa71ff27fc2769a1b78a27578f13a17b -> 
  custom:video-decoder-webm-vp8: 9c59270c3fd7afecdb556c50c9e8de78 -> 
  custom:AudioImporter_EditorPlatform: d09bf68614088b80899f8185d706f6e7 -> 
  custom:video-encoder-webm-vp8: eb34c28f22e8b96e1ab97ce403110664 -> 
  custom:audio-decoder-ogg-vorbis: bf7c407c2cedff20999df2af8eb42d56 -> 
  custom:audio-encoder-webm-vorbis: bf7c407c2cedff20999df2af8eb42d56 -> 
========================================================================
Received Prepare
Begin MonoManager ReloadAssembly
Symbol file LoadedFromMemory doesn't match image E:\CSE485\GitHub Project\MyndVR_Capstone\MyndVRCapstone\Library\PackageCache\com.unity.visualscripting@1.8.0\Editor\VisualScripting.Core\Dependencies\YamlDotNet\Unity.VisualScripting.YamlDotNet.dll
Symbol file LoadedFromMemory doesn't match image E:\CSE485\GitHub Project\MyndVR_Capstone\MyndVRCapstone\Library\PackageCache\com.unity.visualscripting@1.8.0\Editor\VisualScripting.Core\Dependencies\DotNetZip\Unity.VisualScripting.IonicZip.dll
- Loaded All Assemblies, in  0.899 seconds
Refreshing native plugins compatible for Editor in 24.57 ms, found 36 plugins.
Native extension for WindowsStandalone target not found
Native extension for Android target not found
[Package Manager] Server::EnsureServerProcessIsRunning -- launch failed, reason: Unity was launched with the -noUpm command-line argument
[Package Manager] UpmClient::Send -- Unable to send message (not connected to UPM process).
[Package Manager] Cannot connect to Unity Package Manager local server
Wave.XR.ViveWaveEyeGaze ctor()
UnityEngine.StackTraceUtility:ExtractStackTrace ()
UnityEngine.DebugLogHandler:LogFormat (UnityEngine.LogType,UnityEngine.Object,string,object[])
UnityEngine.Logger:Log (UnityEngine.LogType,object)
UnityEngine.Debug:Log (object)
Wave.XR.ViveWaveEyeGaze:DEBUG (string) (at ./Library/PackageCache/com.htc.upm.wave.xrsdk@5.3.1-r.2/Runtime/ViveWaveEyeGaze.cs:55)
Wave.XR.ViveWaveEyeGaze:.cctor () (at ./Library/PackageCache/com.htc.upm.wave.xrsdk@5.3.1-r.2/Runtime/ViveWaveEyeGaze.cs:65)
System.Runtime.CompilerServices.RuntimeHelpers:RunClassConstructor (System.RuntimeTypeHandle)
UnityEditor.EditorAssemblies:ProcessInitializeOnLoadAttributes (System.Type[])

(Filename: ./Library/PackageCache/com.htc.upm.wave.xrsdk@5.3.1-r.2/Runtime/ViveWaveEyeGaze.cs Line: 55)

Wave.XR.ViveWaveEyeGaze Initialize() RegisterLayout with interface Eye Gaze
UnityEngine.StackTraceUtility:ExtractStackTrace ()
UnityEngine.DebugLogHandler:LogFormat (UnityEngine.LogType,UnityEngine.Object,string,object[])
UnityEngine.Logger:Log (UnityEngine.LogType,object)
UnityEngine.Debug:Log (object)
Wave.XR.ViveWaveEyeGaze:DEBUG (string) (at ./Library/PackageCache/com.htc.upm.wave.xrsdk@5.3.1-r.2/Runtime/ViveWaveEyeGaze.cs:55)
Wave.XR.ViveWaveEyeGaze:Initialize () (at ./Library/PackageCache/com.htc.upm.wave.xrsdk@5.3.1-r.2/Runtime/ViveWaveEyeGaze.cs:73)
Wave.XR.ViveWaveEyeGaze:.cctor () (at ./Library/PackageCache/com.htc.upm.wave.xrsdk@5.3.1-r.2/Runtime/ViveWaveEyeGaze.cs:66)
System.Runtime.CompilerServices.RuntimeHelpers:RunClassConstructor (System.RuntimeTypeHandle)
UnityEditor.EditorAssemblies:ProcessInitializeOnLoadAttributes (System.Type[])

(Filename: ./Library/PackageCache/com.htc.upm.wave.xrsdk@5.3.1-r.2/Runtime/ViveWaveEyeGaze.cs Line: 55)

Wave.XR.ViveWaveEyeGaze Initialize() Removes a ViveWaveEyeGaze device.
UnityEngine.StackTraceUtility:ExtractStackTrace ()
UnityEngine.DebugLogHandler:LogFormat (UnityEngine.LogType,UnityEngine.Object,string,object[])
UnityEngine.Logger:Log (UnityEngine.LogType,object)
UnityEngine.Debug:Log (object)
Wave.XR.ViveWaveEyeGaze:DEBUG (string) (at ./Library/PackageCache/com.htc.upm.wave.xrsdk@5.3.1-r.2/Runtime/ViveWaveEyeGaze.cs:55)
Wave.XR.ViveWaveEyeGaze:Initialize () (at ./Library/PackageCache/com.htc.upm.wave.xrsdk@5.3.1-r.2/Runtime/ViveWaveEyeGaze.cs:83)
Wave.XR.ViveWaveEyeGaze:.cctor () (at ./Library/PackageCache/com.htc.upm.wave.xrsdk@5.3.1-r.2/Runtime/ViveWaveEyeGaze.cs:66)
System.Runtime.CompilerServices.RuntimeHelpers:RunClassConstructor (System.RuntimeTypeHandle)
UnityEditor.EditorAssemblies:ProcessInitializeOnLoadAttributes (System.Type[])

(Filename: ./Library/PackageCache/com.htc.upm.wave.xrsdk@5.3.1-r.2/Runtime/ViveWaveEyeGaze.cs Line: 55)

Wave.XR.ViveWaveEyeGaze Initialize() Adds a ViveWaveEyeGaze device.
UnityEngine.StackTraceUtility:ExtractStackTrace ()
UnityEngine.DebugLogHandler:LogFormat (UnityEngine.LogType,UnityEngine.Object,string,object[])
UnityEngine.Logger:Log (UnityEngine.LogType,object)
UnityEngine.Debug:Log (object)
Wave.XR.ViveWaveEyeGaze:DEBUG (string) (at ./Library/PackageCache/com.htc.upm.wave.xrsdk@5.3.1-r.2/Runtime/ViveWaveEyeGaze.cs:55)
Wave.XR.ViveWaveEyeGaze:Initialize () (at ./Library/PackageCache/com.htc.upm.wave.xrsdk@5.3.1-r.2/Runtime/ViveWaveEyeGaze.cs:88)
Wave.XR.ViveWaveEyeGaze:.cctor () (at ./Library/PackageCache/com.htc.upm.wave.xrsdk@5.3.1-r.2/Runtime/ViveWaveEyeGaze.cs:66)
System.Runtime.CompilerServices.RuntimeHelpers:RunClassConstructor (System.RuntimeTypeHandle)
UnityEditor.EditorAssemblies:ProcessInitializeOnLoadAttributes (System.Type[])

(Filename: ./Library/PackageCache/com.htc.upm.wave.xrsdk@5.3.1-r.2/Runtime/ViveWaveEyeGaze.cs Line: 55)

Wave.XR.ViveWaveController InitializeInPlayer() WVR_CR_Left_001
UnityEngine.StackTraceUtility:ExtractStackTrace ()
UnityEngine.DebugLogHandler:LogFormat (UnityEngine.LogType,UnityEngine.Object,string,object[])
UnityEngine.Logger:Log (UnityEngine.LogType,object)
UnityEngine.Debug:Log (object)
Wave.XR.ViveWaveController:DEBUG (string) (at ./Library/PackageCache/com.htc.upm.wave.xrsdk@5.3.1-r.2/Runtime/ViveWaveController.cs:33)
Wave.XR.ViveWaveController:InitializeInPlayer () (at ./Library/PackageCache/com.htc.upm.wave.xrsdk@5.3.1-r.2/Runtime/ViveWaveController.cs:54)
Wave.XR.ViveWaveController:.cctor () (at ./Library/PackageCache/com.htc.upm.wave.xrsdk@5.3.1-r.2/Runtime/ViveWaveController.cs:47)
System.Runtime.CompilerServices.RuntimeHelpers:RunClassConstructor (System.RuntimeTypeHandle)
UnityEditor.EditorAssemblies:ProcessInitializeOnLoadAttributes (System.Type[])

(Filename: ./Library/PackageCache/com.htc.upm.wave.xrsdk@5.3.1-r.2/Runtime/ViveWaveController.cs Line: 33)

Wave.XR.ViveWaveController InitializeInPlayer() WVR_CR_Right_001
UnityEngine.StackTraceUtility:ExtractStackTrace ()
UnityEngine.DebugLogHandler:LogFormat (UnityEngine.LogType,UnityEngine.Object,string,object[])
UnityEngine.Logger:Log (UnityEngine.LogType,object)
UnityEngine.Debug:Log (object)
Wave.XR.ViveWaveController:DEBUG (string) (at ./Library/PackageCache/com.htc.upm.wave.xrsdk@5.3.1-r.2/Runtime/ViveWaveController.cs:33)
Wave.XR.ViveWaveController:InitializeInPlayer () (at ./Library/PackageCache/com.htc.upm.wave.xrsdk@5.3.1-r.2/Runtime/ViveWaveController.cs:62)
Wave.XR.ViveWaveController:.cctor () (at ./Library/PackageCache/com.htc.upm.wave.xrsdk@5.3.1-r.2/Runtime/ViveWaveController.cs:47)
System.Runtime.CompilerServices.RuntimeHelpers:RunClassConstructor (System.RuntimeTypeHandle)
UnityEditor.EditorAssemblies:ProcessInitializeOnLoadAttributes (System.Type[])

(Filename: ./Library/PackageCache/com.htc.upm.wave.xrsdk@5.3.1-r.2/Runtime/ViveWaveController.cs Line: 33)

Wave.XR.ViveWaveHMD InitializeInPlayer()
UnityEngine.StackTraceUtility:ExtractStackTrace ()
UnityEngine.DebugLogHandler:LogFormat (UnityEngine.LogType,UnityEngine.Object,string,object[])
UnityEngine.Logger:Log (UnityEngine.LogType,object)
UnityEngine.Debug:Log (object)
Wave.XR.ViveWaveHMD:DEBUG (string) (at ./Library/PackageCache/com.htc.upm.wave.xrsdk@5.3.1-r.2/Runtime/ViveWaveHMD.cs:33)
Wave.XR.ViveWaveHMD:InitializeInPlayer () (at ./Library/PackageCache/com.htc.upm.wave.xrsdk@5.3.1-r.2/Runtime/ViveWaveHMD.cs:55)
Wave.XR.ViveWaveHMD:.cctor () (at ./Library/PackageCache/com.htc.upm.wave.xrsdk@5.3.1-r.2/Runtime/ViveWaveHMD.cs:48)
System.Runtime.CompilerServices.RuntimeHelpers:RunClassConstructor (System.RuntimeTypeHandle)
UnityEditor.EditorAssemblies:ProcessInitializeOnLoadAttributes (System.Type[])

(Filename: ./Library/PackageCache/com.htc.upm.wave.xrsdk@5.3.1-r.2/Runtime/ViveWaveHMD.cs Line: 33)

Wave.XR.ViveWaveWristTracker Initialize() RegisterLayout with interface Wrist Tracker
UnityEngine.StackTraceUtility:ExtractStackTrace ()
UnityEngine.DebugLogHandler:LogFormat (UnityEngine.LogType,UnityEngine.Object,string,object[])
UnityEngine.Logger:Log (UnityEngine.LogType,object)
UnityEngine.Debug:Log (object)
Wave.XR.ViveWaveWristTracker:DEBUG (System.Text.StringBuilder) (at ./Library/PackageCache/com.htc.upm.wave.xrsdk@5.3.1-r.2/Runtime/ViveWaveWristTracker.cs:72)
Wave.XR.ViveWaveWristTracker:Initialize () (at ./Library/PackageCache/com.htc.upm.wave.xrsdk@5.3.1-r.2/Runtime/ViveWaveWristTracker.cs:97)
Wave.XR.ViveWaveWristTracker:.cctor () (at ./Library/PackageCache/com.htc.upm.wave.xrsdk@5.3.1-r.2/Runtime/ViveWaveWristTracker.cs:89)
System.Runtime.CompilerServices.RuntimeHelpers:RunClassConstructor (System.RuntimeTypeHandle)
UnityEditor.EditorAssemblies:ProcessInitializeOnLoadAttributes (System.Type[])

(Filename: ./Library/PackageCache/com.htc.upm.wave.xrsdk@5.3.1-r.2/Runtime/ViveWaveWristTracker.cs Line: 72)

Wave.XR.ViveWaveWristTracker FinishSetup() deviceId: 0, IsLeft: False, interfaceName: Wrist Tracker, product: Wave Tracker0, serial: HTC-211012-Tracker0
UnityEngine.StackTraceUtility:ExtractStackTrace ()
UnityEngine.DebugLogHandler:LogFormat (UnityEngine.LogType,UnityEngine.Object,string,object[])
UnityEngine.Logger:Log (UnityEngine.LogType,object)
UnityEngine.Debug:Log (object)
Wave.XR.ViveWaveWristTracker:DEBUG (System.Text.StringBuilder) (at ./Library/PackageCache/com.htc.upm.wave.xrsdk@5.3.1-r.2/Runtime/ViveWaveWristTracker.cs:72)
Wave.XR.ViveWaveWristTracker:FinishSetup () (at ./Library/PackageCache/com.htc.upm.wave.xrsdk@5.3.1-r.2/Runtime/ViveWaveWristTracker.cs:157)
UnityEngine.InputSystem.InputControl:CallFinishSetupRecursive () (at ./Library/PackageCache/com.unity.inputsystem@1.5.1/InputSystem/Controls/InputControl.cs:1064)
UnityEngine.InputSystem.Layouts.InputDeviceBuilder:Setup (UnityEngine.InputSystem.Utilities.InternedString,UnityEngine.InputSystem.Utilities.InternedString,UnityEngine.InputSystem.Layouts.InputDeviceDescription) (at ./Library/PackageCache/com.unity.inputsystem@1.5.1/InputSystem/Devices/InputDeviceBuilder.cs:60)
UnityEngine.InputSystem.InputDevice:Build<UnityEngine.InputSystem.InputDevice> (string,string,UnityEngine.InputSystem.Layouts.InputDeviceDescription,bool) (at ./Library/PackageCache/com.unity.inputsystem@1.5.1/InputSystem/Devices/InputDevice.cs:955)
UnityEngine.InputSystem.InputManager:AddDevice (UnityEngine.InputSystem.Utilities.InternedString,int,string,UnityEngine.InputSystem.Layouts.InputDeviceDescription,UnityEngine.InputSystem.InputDevice/DeviceFlags,UnityEngine.InputSystem.Utilities.InternedString) (at ./Library/PackageCache/com.unity.inputsystem@1.5.1/InputSystem/InputManager.cs:1062)
UnityEngine.InputSystem.InputManager:RestoreDeviceFromSavedState (UnityEngine.InputSystem.InputManager/DeviceState&,UnityEngine.InputSystem.Utilities.InternedString) (at ./Library/PackageCache/com.unity.inputsystem@1.5.1/InputSystem/InputManager.cs:3839)
UnityEngine.InputSystem.InputManager:AddAvailableDevicesMatchingDescription (UnityEngine.InputSystem.Layouts.InputDeviceMatcher,UnityEngine.InputSystem.Utilities.InternedString) (at ./Library/PackageCache/com.unity.inputsystem@1.5.1/InputSystem/InputManager.cs:694)
UnityEngine.InputSystem.InputManager:RegisterControlLayoutMatcher (string,UnityEngine.InputSystem.Layouts.InputDeviceMatcher) (at ./Library/PackageCache/com.unity.inputsystem@1.5.1/InputSystem/InputManager.cs:605)
UnityEngine.InputSystem.InputSystem:RegisterLayout (System.Type,string,System.Nullable`1<UnityEngine.InputSystem.Layouts.InputDeviceMatcher>) (at ./Library/PackageCache/com.unity.inputsystem@1.5.1/InputSystem/InputSystem.cs:242)
Wave.XR.ViveWaveWristTracker:Initialize () (at ./Library/PackageCache/com.htc.upm.wave.xrsdk@5.3.1-r.2/Runtime/ViveWaveWristTracker.cs:98)
Wave.XR.ViveWaveWristTracker:.cctor () (at ./Library/PackageCache/com.htc.upm.wave.xrsdk@5.3.1-r.2/Runtime/ViveWaveWristTracker.cs:89)
System.Runtime.CompilerServices.RuntimeHelpers:RunClassConstructor (System.RuntimeTypeHandle)
UnityEditor.EditorAssemblies:ProcessInitializeOnLoadAttributes (System.Type[])

(Filename: ./Library/PackageCache/com.htc.upm.wave.xrsdk@5.3.1-r.2/Runtime/ViveWaveWristTracker.cs Line: 72)

Wave.XR.ViveWaveWristTracker FinishSetup() deviceId: 0, IsLeft: True, interfaceName: Wrist Tracker, product: Wave Tracker1, serial: HTC-211012-Tracker1
UnityEngine.StackTraceUtility:ExtractStackTrace ()
UnityEngine.DebugLogHandler:LogFormat (UnityEngine.LogType,UnityEngine.Object,string,object[])
UnityEngine.Logger:Log (UnityEngine.LogType,object)
UnityEngine.Debug:Log (object)
Wave.XR.ViveWaveWristTracker:DEBUG (System.Text.StringBuilder) (at ./Library/PackageCache/com.htc.upm.wave.xrsdk@5.3.1-r.2/Runtime/ViveWaveWristTracker.cs:72)
Wave.XR.ViveWaveWristTracker:FinishSetup () (at ./Library/PackageCache/com.htc.upm.wave.xrsdk@5.3.1-r.2/Runtime/ViveWaveWristTracker.cs:157)
UnityEngine.InputSystem.InputControl:CallFinishSetupRecursive () (at ./Library/PackageCache/com.unity.inputsystem@1.5.1/InputSystem/Controls/InputControl.cs:1064)
UnityEngine.InputSystem.Layouts.InputDeviceBuilder:Setup (UnityEngine.InputSystem.Utilities.InternedString,UnityEngine.InputSystem.Utilities.InternedString,UnityEngine.InputSystem.Layouts.InputDeviceDescription) (at ./Library/PackageCache/com.unity.inputsystem@1.5.1/InputSystem/Devices/InputDeviceBuilder.cs:60)
UnityEngine.InputSystem.InputDevice:Build<UnityEngine.InputSystem.InputDevice> (string,string,UnityEngine.InputSystem.Layouts.InputDeviceDescription,bool) (at ./Library/PackageCache/com.unity.inputsystem@1.5.1/InputSystem/Devices/InputDevice.cs:955)
UnityEngine.InputSystem.InputManager:AddDevice (UnityEngine.InputSystem.Utilities.InternedString,int,string,UnityEngine.InputSystem.Layouts.InputDeviceDescription,UnityEngine.InputSystem.InputDevice/DeviceFlags,UnityEngine.InputSystem.Utilities.InternedString) (at ./Library/PackageCache/com.unity.inputsystem@1.5.1/InputSystem/InputManager.cs:1062)
UnityEngine.InputSystem.InputManager:RestoreDeviceFromSavedState (UnityEngine.InputSystem.InputManager/DeviceState&,UnityEngine.InputSystem.Utilities.InternedString) (at ./Library/PackageCache/com.unity.inputsystem@1.5.1/InputSystem/InputManager.cs:3839)
UnityEngine.InputSystem.InputManager:AddAvailableDevicesMatchingDescription (UnityEngine.InputSystem.Layouts.InputDeviceMatcher,UnityEngine.InputSystem.Utilities.InternedString) (at ./Library/PackageCache/com.unity.inputsystem@1.5.1/InputSystem/InputManager.cs:694)
UnityEngine.InputSystem.InputManager:RegisterControlLayoutMatcher (string,UnityEngine.InputSystem.Layouts.InputDeviceMatcher) (at ./Library/PackageCache/com.unity.inputsystem@1.5.1/InputSystem/InputManager.cs:605)
UnityEngine.InputSystem.InputSystem:RegisterLayout (System.Type,string,System.Nullable`1<UnityEngine.InputSystem.Layouts.InputDeviceMatcher>) (at ./Library/PackageCache/com.unity.inputsystem@1.5.1/InputSystem/InputSystem.cs:242)
Wave.XR.ViveWaveWristTracker:Initialize () (at ./Library/PackageCache/com.htc.upm.wave.xrsdk@5.3.1-r.2/Runtime/ViveWaveWristTracker.cs:98)
Wave.XR.ViveWaveWristTracker:.cctor () (at ./Library/PackageCache/com.htc.upm.wave.xrsdk@5.3.1-r.2/Runtime/ViveWaveWristTracker.cs:89)
System.Runtime.CompilerServices.RuntimeHelpers:RunClassConstructor (System.RuntimeTypeHandle)
UnityEditor.EditorAssemblies:ProcessInitializeOnLoadAttributes (System.Type[])

(Filename: ./Library/PackageCache/com.htc.upm.wave.xrsdk@5.3.1-r.2/Runtime/ViveWaveWristTracker.cs Line: 72)

Wave.XR.ViveWaveWristTracker Initialize() Removes a ViveWaveWristTracker device.
UnityEngine.StackTraceUtility:ExtractStackTrace ()
UnityEngine.DebugLogHandler:LogFormat (UnityEngine.LogType,UnityEngine.Object,string,object[])
UnityEngine.Logger:Log (UnityEngine.LogType,object)
UnityEngine.Debug:Log (object)
Wave.XR.ViveWaveWristTracker:DEBUG (System.Text.StringBuilder) (at ./Library/PackageCache/com.htc.upm.wave.xrsdk@5.3.1-r.2/Runtime/ViveWaveWristTracker.cs:72)
Wave.XR.ViveWaveWristTracker:Initialize () (at ./Library/PackageCache/com.htc.upm.wave.xrsdk@5.3.1-r.2/Runtime/ViveWaveWristTracker.cs:108)
Wave.XR.ViveWaveWristTracker:.cctor () (at ./Library/PackageCache/com.htc.upm.wave.xrsdk@5.3.1-r.2/Runtime/ViveWaveWristTracker.cs:89)
System.Runtime.CompilerServices.RuntimeHelpers:RunClassConstructor (System.RuntimeTypeHandle)
UnityEditor.EditorAssemblies:ProcessInitializeOnLoadAttributes (System.Type[])

(Filename: ./Library/PackageCache/com.htc.upm.wave.xrsdk@5.3.1-r.2/Runtime/ViveWaveWristTracker.cs Line: 72)

Wave.XR.ViveWaveWristTracker Initialize() Removes a ViveWaveWristTracker device.
UnityEngine.StackTraceUtility:ExtractStackTrace ()
UnityEngine.DebugLogHandler:LogFormat (UnityEngine.LogType,UnityEngine.Object,string,object[])
UnityEngine.Logger:Log (UnityEngine.LogType,object)
UnityEngine.Debug:Log (object)
Wave.XR.ViveWaveWristTracker:DEBUG (System.Text.StringBuilder) (at ./Library/PackageCache/com.htc.upm.wave.xrsdk@5.3.1-r.2/Runtime/ViveWaveWristTracker.cs:72)
Wave.XR.ViveWaveWristTracker:Initialize () (at ./Library/PackageCache/com.htc.upm.wave.xrsdk@5.3.1-r.2/Runtime/ViveWaveWristTracker.cs:108)
Wave.XR.ViveWaveWristTracker:.cctor () (at ./Library/PackageCache/com.htc.upm.wave.xrsdk@5.3.1-r.2/Runtime/ViveWaveWristTracker.cs:89)
System.Runtime.CompilerServices.RuntimeHelpers:RunClassConstructor (System.RuntimeTypeHandle)
UnityEditor.EditorAssemblies:ProcessInitializeOnLoadAttributes (System.Type[])

(Filename: ./Library/PackageCache/com.htc.upm.wave.xrsdk@5.3.1-r.2/Runtime/ViveWaveWristTracker.cs Line: 72)

Wave.XR.ViveWaveWristTracker Initialize() Adds right ViveWaveWristTracker device Wave Tracker0
UnityEngine.StackTraceUtility:ExtractStackTrace ()
UnityEngine.DebugLogHandler:LogFormat (UnityEngine.LogType,UnityEngine.Object,string,object[])
UnityEngine.Logger:Log (UnityEngine.LogType,object)
UnityEngine.Debug:Log (object)
Wave.XR.ViveWaveWristTracker:DEBUG (System.Text.StringBuilder) (at ./Library/PackageCache/com.htc.upm.wave.xrsdk@5.3.1-r.2/Runtime/ViveWaveWristTracker.cs:72)
Wave.XR.ViveWaveWristTracker:Initialize () (at ./Library/PackageCache/com.htc.upm.wave.xrsdk@5.3.1-r.2/Runtime/ViveWaveWristTracker.cs:114)
Wave.XR.ViveWaveWristTracker:.cctor () (at ./Library/PackageCache/com.htc.upm.wave.xrsdk@5.3.1-r.2/Runtime/ViveWaveWristTracker.cs:89)
System.Runtime.CompilerServices.RuntimeHelpers:RunClassConstructor (System.RuntimeTypeHandle)
UnityEditor.EditorAssemblies:ProcessInitializeOnLoadAttributes (System.Type[])

(Filename: ./Library/PackageCache/com.htc.upm.wave.xrsdk@5.3.1-r.2/Runtime/ViveWaveWristTracker.cs Line: 72)

Wave.XR.ViveWaveWristTracker FinishSetup() deviceId: 0, IsLeft: False, interfaceName: Wrist Tracker, product: Wave Tracker0, serial: HTC-211012-Tracker0
UnityEngine.StackTraceUtility:ExtractStackTrace ()
UnityEngine.DebugLogHandler:LogFormat (UnityEngine.LogType,UnityEngine.Object,string,object[])
UnityEngine.Logger:Log (UnityEngine.LogType,object)
UnityEngine.Debug:Log (object)
Wave.XR.ViveWaveWristTracker:DEBUG (System.Text.StringBuilder) (at ./Library/PackageCache/com.htc.upm.wave.xrsdk@5.3.1-r.2/Runtime/ViveWaveWristTracker.cs:72)
Wave.XR.ViveWaveWristTracker:FinishSetup () (at ./Library/PackageCache/com.htc.upm.wave.xrsdk@5.3.1-r.2/Runtime/ViveWaveWristTracker.cs:157)
UnityEngine.InputSystem.InputControl:CallFinishSetupRecursive () (at ./Library/PackageCache/com.unity.inputsystem@1.5.1/InputSystem/Controls/InputControl.cs:1064)
UnityEngine.InputSystem.Layouts.InputDeviceBuilder:Setup (UnityEngine.InputSystem.Utilities.InternedString,UnityEngine.InputSystem.Utilities.InternedString,UnityEngine.InputSystem.Layouts.InputDeviceDescription) (at ./Library/PackageCache/com.unity.inputsystem@1.5.1/InputSystem/Devices/InputDeviceBuilder.cs:60)
UnityEngine.InputSystem.InputDevice:Build<UnityEngine.InputSystem.InputDevice> (string,string,UnityEngine.InputSystem.Layouts.InputDeviceDescription,bool) (at ./Library/PackageCache/com.unity.inputsystem@1.5.1/InputSystem/Devices/InputDevice.cs:955)
UnityEngine.InputSystem.InputManager:AddDevice (UnityEngine.InputSystem.Utilities.InternedString,int,string,UnityEngine.InputSystem.Layouts.InputDeviceDescription,UnityEngine.InputSystem.InputDevice/DeviceFlags,UnityEngine.InputSystem.Utilities.InternedString) (at ./Library/PackageCache/com.unity.inputsystem@1.5.1/InputSystem/InputManager.cs:1062)
UnityEngine.InputSystem.InputManager:AddDevice (UnityEngine.InputSystem.Layouts.InputDeviceDescription,bool,string,int,UnityEngine.InputSystem.InputDevice/DeviceFlags) (at ./Library/PackageCache/com.unity.inputsystem@1.5.1/InputSystem/InputManager.cs:1222)
UnityEngine.InputSystem.InputManager:AddDevice (UnityEngine.InputSystem.Layouts.InputDeviceDescription) (at ./Library/PackageCache/com.unity.inputsystem@1.5.1/InputSystem/InputManager.cs:1195)
UnityEngine.InputSystem.InputSystem:AddDevice (UnityEngine.InputSystem.Layouts.InputDeviceDescription) (at ./Library/PackageCache/com.unity.inputsystem@1.5.1/InputSystem/InputSystem.cs:1491)
Wave.XR.ViveWaveWristTracker:Initialize () (at ./Library/PackageCache/com.htc.upm.wave.xrsdk@5.3.1-r.2/Runtime/ViveWaveWristTracker.cs:115)
Wave.XR.ViveWaveWristTracker:.cctor () (at ./Library/PackageCache/com.htc.upm.wave.xrsdk@5.3.1-r.2/Runtime/ViveWaveWristTracker.cs:89)
System.Runtime.CompilerServices.RuntimeHelpers:RunClassConstructor (System.RuntimeTypeHandle)
UnityEditor.EditorAssemblies:ProcessInitializeOnLoadAttributes (System.Type[])

(Filename: ./Library/PackageCache/com.htc.upm.wave.xrsdk@5.3.1-r.2/Runtime/ViveWaveWristTracker.cs Line: 72)

Wave.XR.ViveWaveWristTracker Initialize() Adds left ViveWaveWristTracker device Wave Tracker1
UnityEngine.StackTraceUtility:ExtractStackTrace ()
UnityEngine.DebugLogHandler:LogFormat (UnityEngine.LogType,UnityEngine.Object,string,object[])
UnityEngine.Logger:Log (UnityEngine.LogType,object)
UnityEngine.Debug:Log (object)
Wave.XR.ViveWaveWristTracker:DEBUG (System.Text.StringBuilder) (at ./Library/PackageCache/com.htc.upm.wave.xrsdk@5.3.1-r.2/Runtime/ViveWaveWristTracker.cs:72)
Wave.XR.ViveWaveWristTracker:Initialize () (at ./Library/PackageCache/com.htc.upm.wave.xrsdk@5.3.1-r.2/Runtime/ViveWaveWristTracker.cs:119)
Wave.XR.ViveWaveWristTracker:.cctor () (at ./Library/PackageCache/com.htc.upm.wave.xrsdk@5.3.1-r.2/Runtime/ViveWaveWristTracker.cs:89)
System.Runtime.CompilerServices.RuntimeHelpers:RunClassConstructor (System.RuntimeTypeHandle)
UnityEditor.EditorAssemblies:ProcessInitializeOnLoadAttributes (System.Type[])

(Filename: ./Library/PackageCache/com.htc.upm.wave.xrsdk@5.3.1-r.2/Runtime/ViveWaveWristTracker.cs Line: 72)

Wave.XR.ViveWaveWristTracker FinishSetup() deviceId: 0, IsLeft: True, interfaceName: Wrist Tracker, product: Wave Tracker1, serial: HTC-211012-Tracker1
UnityEngine.StackTraceUtility:ExtractStackTrace ()
UnityEngine.DebugLogHandler:LogFormat (UnityEngine.LogType,UnityEngine.Object,string,object[])
UnityEngine.Logger:Log (UnityEngine.LogType,object)
UnityEngine.Debug:Log (object)
Wave.XR.ViveWaveWristTracker:DEBUG (System.Text.StringBuilder) (at ./Library/PackageCache/com.htc.upm.wave.xrsdk@5.3.1-r.2/Runtime/ViveWaveWristTracker.cs:72)
Wave.XR.ViveWaveWristTracker:FinishSetup () (at ./Library/PackageCache/com.htc.upm.wave.xrsdk@5.3.1-r.2/Runtime/ViveWaveWristTracker.cs:157)
UnityEngine.InputSystem.InputControl:CallFinishSetupRecursive () (at ./Library/PackageCache/com.unity.inputsystem@1.5.1/InputSystem/Controls/InputControl.cs:1064)
UnityEngine.InputSystem.Layouts.InputDeviceBuilder:Setup (UnityEngine.InputSystem.Utilities.InternedString,UnityEngine.InputSystem.Utilities.InternedString,UnityEngine.InputSystem.Layouts.InputDeviceDescription) (at ./Library/PackageCache/com.unity.inputsystem@1.5.1/InputSystem/Devices/InputDeviceBuilder.cs:60)
UnityEngine.InputSystem.InputDevice:Build<UnityEngine.InputSystem.InputDevice> (string,string,UnityEngine.InputSystem.Layouts.InputDeviceDescription,bool) (at ./Library/PackageCache/com.unity.inputsystem@1.5.1/InputSystem/Devices/InputDevice.cs:955)
UnityEngine.InputSystem.InputManager:AddDevice (UnityEngine.InputSystem.Utilities.InternedString,int,string,UnityEngine.InputSystem.Layouts.InputDeviceDescription,UnityEngine.InputSystem.InputDevice/DeviceFlags,UnityEngine.InputSystem.Utilities.InternedString) (at ./Library/PackageCache/com.unity.inputsystem@1.5.1/InputSystem/InputManager.cs:1062)
UnityEngine.InputSystem.InputManager:AddDevice (UnityEngine.InputSystem.Layouts.InputDeviceDescription,bool,string,int,UnityEngine.InputSystem.InputDevice/DeviceFlags) (at ./Library/PackageCache/com.unity.inputsystem@1.5.1/InputSystem/InputManager.cs:1222)
UnityEngine.InputSystem.InputManager:AddDevice (UnityEngine.InputSystem.Layouts.InputDeviceDescription) (at ./Library/PackageCache/com.unity.inputsystem@1.5.1/InputSystem/InputManager.cs:1195)
UnityEngine.InputSystem.InputSystem:AddDevice (UnityEngine.InputSystem.Layouts.InputDeviceDescription) (at ./Library/PackageCache/com.unity.inputsystem@1.5.1/InputSystem/InputSystem.cs:1491)
Wave.XR.ViveWaveWristTracker:Initialize () (at ./Library/PackageCache/com.htc.upm.wave.xrsdk@5.3.1-r.2/Runtime/ViveWaveWristTracker.cs:120)
Wave.XR.ViveWaveWristTracker:.cctor () (at ./Library/PackageCache/com.htc.upm.wave.xrsdk@5.3.1-r.2/Runtime/ViveWaveWristTracker.cs:89)
System.Runtime.CompilerServices.RuntimeHelpers:RunClassConstructor (System.RuntimeTypeHandle)
UnityEditor.EditorAssemblies:ProcessInitializeOnLoadAttributes (System.Type[])

(Filename: ./Library/PackageCache/com.htc.upm.wave.xrsdk@5.3.1-r.2/Runtime/ViveWaveWristTracker.cs Line: 72)

Mono: successfully reloaded assembly
[Package Manager] Server::EnsureServerProcessIsRunning -- launch failed, reason: Unity was launched with the -noUpm command-line argument
[Package Manager] UpmClient::Send -- Unable to send message (not connected to UPM process).
[Package Manager] Cannot connect to Unity Package Manager local server
- Finished resetting the current domain, in  1.493 seconds
Domain Reload Profiling: 2391ms
	BeginReloadAssembly (182ms)
		ExecutionOrderSort (0ms)
		DisableScriptedObjects (5ms)
		BackupInstance (0ms)
		ReleaseScriptingObjects (0ms)
		CreateAndSetChildDomain (61ms)
	RebuildCommonClasses (35ms)
	RebuildNativeTypeToScriptingClass (12ms)
	initialDomainReloadingComplete (31ms)
	LoadAllAssembliesAndSetupDomain (637ms)
		LoadAssemblies (336ms)
		RebuildTransferFunctionScriptingTraits (0ms)
		AnalyzeDomain (371ms)
			TypeCache.Refresh (357ms)
				TypeCache.ScanAssembly (341ms)
			ScanForSourceGeneratedMonoScriptInfo (0ms)
			ResolveRequiredComponents (13ms)
	FinalizeReload (1493ms)
		ReleaseScriptCaches (0ms)
		RebuildScriptCaches (0ms)
		SetupLoadedEditorAssemblies (565ms)
			LogAssemblyErrors (0ms)
			InitializePlatformSupportModulesInManaged (24ms)
			SetLoadedEditorAssemblies (4ms)
			RefreshPlugins (0ms)
			BeforeProcessingInitializeOnLoad (82ms)
			ProcessInitializeOnLoadAttributes (372ms)
			ProcessInitializeOnLoadMethodAttributes (81ms)
			AfterProcessingInitializeOnLoad (2ms)
			EditorAssembliesLoaded (0ms)
		ExecutionOrderSort2 (0ms)
		AwakeInstancesAfterBackupRestoration (14ms)
Refreshing native plugins compatible for Editor in 25.91 ms, found 36 plugins.
Preloading 0 native plugins for Editor in 0.00 ms.
Unloading 6081 Unused Serialized files (Serialized files now loaded: 0)
Unloading 99 unused Assets / (65.3 KB). Loaded Objects now: 6747.
Memory consumption went from 223.4 MB to 223.3 MB.
Total: 5.830600 ms (FindLiveObjects: 0.769100 ms CreateObjectMapping: 0.918300 ms MarkObjects: 3.987300 ms  DeleteObjects: 0.154300 ms)

Prepare: number of updated asset objects reloaded= 0
AssetImportParameters requested are different than current active one (requested -> active):
  custom:container-demuxer-ogg: 62fdf1f143b41e24485cea50d1cbac27 -> 
  custom:video-decoder-ogg-theora: a1e56fd34408186e4bbccfd4996cb3dc -> 
  custom:framework-win-MediaFoundation: 216162199b28c13a410421893ffa2e32 -> 
  custom:container-demuxer-webm: 4f35f7cbe854078d1ac9338744f61a02 -> 
  custom:container-muxer-webm: aa71ff27fc2769a1b78a27578f13a17b -> 
  custom:video-decoder-webm-vp8: 9c59270c3fd7afecdb556c50c9e8de78 -> 
  custom:AudioImporter_EditorPlatform: d09bf68614088b80899f8185d706f6e7 -> 
  custom:video-encoder-webm-vp8: eb34c28f22e8b96e1ab97ce403110664 -> 
  custom:audio-decoder-ogg-vorbis: bf7c407c2cedff20999df2af8eb42d56 -> 
  custom:audio-encoder-webm-vorbis: bf7c407c2cedff20999df2af8eb42d56 -> 
========================================================================
Received Prepare
Refreshing native plugins compatible for Editor in 30.15 ms, found 36 plugins.
Preloading 0 native plugins for Editor in 0.00 ms.
Unloading 2 Unused Serialized files (Serialized files now loaded: 0)
Unloading 2 unused Assets / (5.5 KB). Loaded Objects now: 6747.
Memory consumption went from 129.4 MB to 129.4 MB.
Total: 8.876900 ms (FindLiveObjects: 0.660400 ms CreateObjectMapping: 0.677200 ms MarkObjects: 7.501300 ms  DeleteObjects: 0.037000 ms)

Prepare: number of updated asset objects reloaded= 0
AssetImportParameters requested are different than current active one (requested -> active):
  custom:container-demuxer-ogg: 62fdf1f143b41e24485cea50d1cbac27 -> 
  custom:video-decoder-ogg-theora: a1e56fd34408186e4bbccfd4996cb3dc -> 
  custom:framework-win-MediaFoundation: 216162199b28c13a410421893ffa2e32 -> 
  custom:container-demuxer-webm: 4f35f7cbe854078d1ac9338744f61a02 -> 
  custom:container-muxer-webm: aa71ff27fc2769a1b78a27578f13a17b -> 
  custom:video-decoder-webm-vp8: 9c59270c3fd7afecdb556c50c9e8de78 -> 
  custom:AudioImporter_EditorPlatform: d09bf68614088b80899f8185d706f6e7 -> 
  custom:video-encoder-webm-vp8: eb34c28f22e8b96e1ab97ce403110664 -> 
  custom:audio-decoder-ogg-vorbis: bf7c407c2cedff20999df2af8eb42d56 -> 
  custom:audio-encoder-webm-vorbis: bf7c407c2cedff20999df2af8eb42d56 -> 
========================================================================
Received Import Request.
  Time since last request: 403066.746344 seconds.
  path: Assets/Samples/XR Interaction Toolkit/2.3.2/Hands Interaction Demo/Runtime/Prefabs/InteractionAffordance.prefab
  artifactKey: Guid(9a5f820ee9c46b64294ae756b459a681) Importer(815301076,1909f56bfc062723c751e8b465ee728b)
Start importing Assets/Samples/XR Interaction Toolkit/2.3.2/Hands Interaction Demo/Runtime/Prefabs/InteractionAffordance.prefab using Guid(9a5f820ee9c46b64294ae756b459a681) Importer(815301076,1909f56bfc062723c751e8b465ee728b)  -> (artifact id: '206d6360ca1eceffa46696dbd912f3db') in 0.033658 seconds
Number of updated asset objects reloaded before import = 0
Number of asset objects unloaded after import = 9
========================================================================
Received Import Request.
  Time since last request: 0.435922 seconds.
  path: Assets/Samples/XR Interaction Toolkit/2.3.2/Hands Interaction Demo/Runtime/Prefabs/TouchPad Button.prefab
  artifactKey: Guid(b0c78422845bac948a9080175e57ffff) Importer(815301076,1909f56bfc062723c751e8b465ee728b)
Start importing Assets/Samples/XR Interaction Toolkit/2.3.2/Hands Interaction Demo/Runtime/Prefabs/TouchPad Button.prefab using Guid(b0c78422845bac948a9080175e57ffff) Importer(815301076,1909f56bfc062723c751e8b465ee728b)  -> (artifact id: 'b8bfb36901e3dfa004b0d6b264d6b024') in 0.015120 seconds
Number of updated asset objects reloaded before import = 0
Number of asset objects unloaded after import = 17
========================================================================
Received Import Request.
  Time since last request: 0.000023 seconds.
  path: Assets/Samples/XR Interaction Toolkit/2.3.2/Hands Interaction Demo/Runtime/Prefabs/PokeButton.prefab
  artifactKey: Guid(d661f645c81f29b4aa596207971ae441) Importer(815301076,1909f56bfc062723c751e8b465ee728b)
Start importing Assets/Samples/XR Interaction Toolkit/2.3.2/Hands Interaction Demo/Runtime/Prefabs/PokeButton.prefab using Guid(d661f645c81f29b4aa596207971ae441) Importer(815301076,1909f56bfc062723c751e8b465ee728b)  -> (artifact id: 'e58af58d8b4d45bb83647f2df2b22cee') in 0.017922 seconds
Number of updated asset objects reloaded before import = 0
Number of asset objects unloaded after import = 38
========================================================================
Received Import Request.
  Time since last request: 3.964557 seconds.
  path: Assets/Samples/XR Interaction Toolkit/2.3.2/Hands Interaction Demo/Runtime/Materials/Chrome.mat
  artifactKey: Guid(2edb876ca20f6ea40b4ebb61f96f1df1) Importer(815301076,1909f56bfc062723c751e8b465ee728b)
Start importing Assets/Samples/XR Interaction Toolkit/2.3.2/Hands Interaction Demo/Runtime/Materials/Chrome.mat using Guid(2edb876ca20f6ea40b4ebb61f96f1df1) Importer(815301076,1909f56bfc062723c751e8b465ee728b)  -> (artifact id: '005bafecd3e11dbdaf8089e292559c64') in 0.001370 seconds
Number of updated asset objects reloaded before import = 0
Number of asset objects unloaded after import = 1
========================================================================
Received Import Request.
  Time since last request: 0.012431 seconds.
  path: Assets/Samples/XR Interaction Toolkit/2.3.2/Hands Interaction Demo/Runtime/Materials/FrameOutline.mat
  artifactKey: Guid(54f7c59213ac02b4d9f00104348dbac3) Importer(815301076,1909f56bfc062723c751e8b465ee728b)
Start importing Assets/Samples/XR Interaction Toolkit/2.3.2/Hands Interaction Demo/Runtime/Materials/FrameOutline.mat using Guid(54f7c59213ac02b4d9f00104348dbac3) Importer(815301076,1909f56bfc062723c751e8b465ee728b)  -> (artifact id: 'f2dda20c99761cc472ae10848b53ad58') in 0.001325 seconds
Number of updated asset objects reloaded before import = 0
Number of asset objects unloaded after import = 1
========================================================================
Received Import Request.
  Time since last request: 0.000060 seconds.
  path: Assets/Samples/XR Interaction Toolkit/2.3.2/Hands Interaction Demo/Runtime/Materials/PrimitivesCoral.mat
  artifactKey: Guid(31a376bc4ad62f24dae7ced0e38f6309) Importer(815301076,1909f56bfc062723c751e8b465ee728b)
Start importing Assets/Samples/XR Interaction Toolkit/2.3.2/Hands Interaction Demo/Runtime/Materials/PrimitivesCoral.mat using Guid(31a376bc4ad62f24dae7ced0e38f6309) Importer(815301076,1909f56bfc062723c751e8b465ee728b)  -> (artifact id: 'd4aaa15f9b98aae02ef58aed4d5bd31e') in 0.001519 seconds
Number of updated asset objects reloaded before import = 0
Number of asset objects unloaded after import = 1
========================================================================
Received Import Request.
  Time since last request: 0.000018 seconds.
  path: Assets/Samples/XR Interaction Toolkit/2.3.2/Hands Interaction Demo/Runtime/Materials/PrimitivesBlue.mat
  artifactKey: Guid(3a84a7b91ec88714486e0c4cc9a5dc01) Importer(815301076,1909f56bfc062723c751e8b465ee728b)
Start importing Assets/Samples/XR Interaction Toolkit/2.3.2/Hands Interaction Demo/Runtime/Materials/PrimitivesBlue.mat using Guid(3a84a7b91ec88714486e0c4cc9a5dc01) Importer(815301076,1909f56bfc062723c751e8b465ee728b)  -> (artifact id: 'aba49ebb46aeed9ce367f4483cf4244a') in 0.001229 seconds
Number of updated asset objects reloaded before import = 0
Number of asset objects unloaded after import = 1
Editor requested this worker to shutdown with reason: Scaling down because of idle timeout
TcpMessagingSession - receive error: operation aborted. errorcode: 995, details: The I/O operation has been aborted because of either a thread exit or an application request.
AssetImportWorker is now disconnected from the server
Process exiting
Exiting without the bug reporter. Application will terminate with return code 0